<?xml version="1.0" encoding="UTF-8"?>
<!-- Generated by org.testng.reporters.JUnitXMLReporter -->
<testsuite ignored="0" hostname="Wiltons-MacBook-Pro.local" failures="0" tests="4" name="Surefire test" time="8.366" errors="0" timestamp="2025-03-23T08:31:37 WIB">
  <testcase classname="CompanyAPITest" name="testCompanyAPIValue1" time="2.31"/>
  <testcase classname="CompanyAPITest" name="testCompanyAPIValue20" time="1.835"/>
  <testcase classname="CompanyAPITest" name="testCompanyAPIValue5" time="1.898"/>
  <testcase classname="CompanyAPITest" name="testCompanyID" time="2.105"/>
</testsuite> <!-- Surefire test -->
