<?xml version="1.0" encoding="UTF-8"?>
<testng-results ignored="0" total="4" passed="4" failed="0" skipped="0">
  <reporter-output>
  </reporter-output>
  <suite started-at="2025-03-23T08:31:29 WIB" name="Surefire suite" finished-at="2025-03-23T08:31:37 WIB" duration-ms="8366">
    <groups>
    </groups>
    <test started-at="2025-03-23T08:31:29 WIB" name="Surefire test" finished-at="2025-03-23T08:31:37 WIB" duration-ms="8366">
      <class name="CompanyAPITest">
        <test-method is-config="true" signature="setup()[pri:0, instance:CompanyAPITest@53976f5c]" started-at="2025-03-23T08:31:29 WIB" name="setup" finished-at="2025-03-23T08:31:29 WIB" duration-ms="202" status="PASS">
          <reporter-output>
          </reporter-output>
        </test-method> <!-- setup -->
        <test-method signature="testCompanyAPIValue1()[pri:0, instance:CompanyAPITest@53976f5c]" started-at="2025-03-23T08:31:29 WIB" name="testCompanyAPIValue1" finished-at="2025-03-23T08:31:31 WIB" duration-ms="2310" status="PASS">
          <reporter-output>
          </reporter-output>
        </test-method> <!-- testCompanyAPIValue1 -->
        <test-method signature="testCompanyAPIValue20()[pri:0, instance:CompanyAPITest@53976f5c]" started-at="2025-03-23T08:31:31 WIB" name="testCompanyAPIValue20" finished-at="2025-03-23T08:31:33 WIB" duration-ms="1835" status="PASS">
          <reporter-output>
          </reporter-output>
        </test-method> <!-- testCompanyAPIValue20 -->
        <test-method signature="testCompanyAPIValue5()[pri:0, instance:CompanyAPITest@53976f5c]" started-at="2025-03-23T08:31:33 WIB" name="testCompanyAPIValue5" finished-at="2025-03-23T08:31:35 WIB" duration-ms="1898" status="PASS">
          <reporter-output>
          </reporter-output>
        </test-method> <!-- testCompanyAPIValue5 -->
        <test-method signature="testCompanyID()[pri:0, instance:CompanyAPITest@53976f5c]" started-at="2025-03-23T08:31:35 WIB" name="testCompanyID" finished-at="2025-03-23T08:31:37 WIB" duration-ms="2105" status="PASS">
          <reporter-output>
          </reporter-output>
        </test-method> <!-- testCompanyID -->
      </class> <!-- CompanyAPITest -->
    </test> <!-- Surefire test -->
  </suite> <!-- Surefire suite -->
</testng-results>
