<?xml version="1.0" encoding="UTF-8"?>
<testsuite xmlns:xsi="http://www.w3.org/2001/XMLSchema-instance" xsi:noNamespaceSchemaLocation="https://maven.apache.org/surefire/maven-surefire-plugin/xsd/surefire-test-report-3.0.xsd" version="3.0" name="TestSuite" time="9.184" tests="4" errors="0" skipped="0" failures="0">
  <properties>
[...]
</properties>
  <testcase name="testCompanyAPIValue1" classname="CompanyAPITest" time="2.5">
    <system-out><![CDATA[{"status":"OK","code":200,"locale":"en_US","seed":null,"total":1,"data":[{"id":1,"name":"Bednar Ltd","email":"cronin.jeromy@nicolas.com","vat":"559651906","phone":"+15594028202","country":"Wallis and Futuna","addresses":[{"id":1,"street":"342 Paolo Valley Apt. 888","streetName":"Hand Inlet","buildingNumber":"8994","city":"Port Louieberg","zipcode":"58126-4636","country":"Australia","country_code":"AU","latitude":58.052231,"longitude":-34.573761},{"id":1,"street":"7725 Genevieve Motorway Apt. 026","streetName":"Veum Manor","buildingNumber":"149","city":"New Citlalli","zipcode":"89267-5638","country":"Cocos (Keeling) Islands","country_code":"CC","latitude":-65.623584,"longitude":-147.692534},{"id":1,"street":"65355 Rutherford Square","streetName":"Nelson Isle","buildingNumber":"8214","city":"East Leo","zipcode":"80719-2747","country":"South Sudan","country_code":"SS","latitude":21.935365,"longitude":-2.009725},{"id":1,"street":"5757 White Trafficway Suite 976","streetName":"Rae Ramp","buildingNumber":"48021","city":"North Diego","zipcode":"39605","country":"Slovenia","country_code":"SI","latitude":-78.333227,"longitude":-4.546699},{"id":1,"street":"2134 Ray Park","streetName":"Swift Mountain","buildingNumber":"39264","city":"Parkerbury","zipcode":"43414-1332","country":"Andorra","country_code":"AD","latitude":57.068584,"longitude":-92.20603}],"website":"http:\/\/kerluke.com","image":"http:\/\/placeimg.com\/640\/480\/people","contact":{"id":1,"firstname":"Trey","lastname":"Lehner","email":"pskiles@gmail.com","phone":"+16033787432","birthday":"2001-03-25","gender":"male","address":{"id":1,"street":"7724 Stark Branch","streetName":"Ike Track","buildingNumber":"60967","city":"East Lucileton","zipcode":"89247-0625","country":"Palau","country_code":"PW","latitude":0.826406,"longitude":69.49018},"website":"http:\/\/toy.net","image":"http:\/\/placeimg.com\/640\/480\/people"}}]}
[PASSED] Qty :1 | Response Qty:1
]]></system-out>
    <system-err><![CDATA[SLF4J: Failed to load class "org.slf4j.impl.StaticLoggerBinder".
SLF4J: Defaulting to no-operation (NOP) logger implementation
SLF4J: See http://www.slf4j.org/codes.html#StaticLoggerBinder for further details.
]]></system-err>
  </testcase>
  <testcase name="testCompanyAPIValue20" classname="CompanyAPITest" time="1.863">
    <system-out><![CDATA[{"status":"OK","code":200,"locale":"en_US","seed":null,"total":20,"data":[{"id":1,"name":"Abbott-Ziemann","email":"dicki.carolyn@kozey.info","vat":"95430777","phone":"+16292934971","country":"Moldova","addresses":[{"id":1,"street":"455 Labadie Place","streetName":"Tillman Village","buildingNumber":"778","city":"Dachberg","zipcode":"84959","country":"S\u00e3o Tom\u00e9 & Pr\u00edncipe","country_code":"ST","latitude":80.478764,"longitude":-174.571676},{"id":1,"street":"12281 West Roads","streetName":"Ziemann Pine","buildingNumber":"700","city":"Hettingerfort","zipcode":"26428-7963","country":"Pakistan","country_code":"PK","latitude":-74.414279,"longitude":-154.964296},{"id":1,"street":"786 Bauch Prairie","streetName":"Cheyanne River","buildingNumber":"86071","city":"Daremouth","zipcode":"88501-6404","country":"Slovakia","country_code":"SK","latitude":51.715344,"longitude":-102.073374}],"website":"http:\/\/simonis.com","image":"http:\/\/placeimg.com\/640\/480\/people","contact":{"id":1,"firstname":"Reba","lastname":"Lesch","email":"robyn62@gmail.com","phone":"+17345717309","birthday":"2017-09-21","gender":"female","address":{"id":1,"street":"92295 Dibbert Vista Apt. 195","streetName":"Beier Loop","buildingNumber":"615","city":"Nicholefurt","zipcode":"90862","country":"Egypt","country_code":"EG","latitude":45.848023,"longitude":-110.327154},"website":"http:\/\/maggio.com","image":"http:\/\/placeimg.com\/640\/480\/people"}},{"id":2,"name":"Lind Group","email":"klockman@hotmail.com","vat":"495754283","phone":"+15417605317","country":"Guam","addresses":[{"id":1,"street":"294 Bechtelar Ways Apt. 778","streetName":"Danyka Knolls","buildingNumber":"24309","city":"Jenkinsstad","zipcode":"28479","country":"Guam","country_code":"GU","latitude":-84.676625,"longitude":74.845163},{"id":1,"street":"3088 Hilpert Locks Suite 692","streetName":"Emard Underpass","buildingNumber":"715","city":"Murazikhaven","zipcode":"64310-6017","country":"Cocos (Keeling) Islands","country_code":"CC","latitude":-14.979384,"longitude":-67.84932},{"id":1,"street":"214 Velma Plain Apt. 966","streetName":"Mitchell Ramp","buildingNumber":"75175","city":"Schmittton","zipcode":"82697","country":"St. Vincent & Grenadines","country_code":"VC","latitude":84.100898,"longitude":14.360466},{"id":1,"street":"23473 Carmine Islands Apt. 634","streetName":"Abbott Harbor","buildingNumber":"74656","city":"South Delia","zipcode":"12056","country":"St. Lucia","country_code":"LC","latitude":-9.623555,"longitude":-135.511252},{"id":1,"street":"2589 Legros Locks","streetName":"Johann Flat","buildingNumber":"86409","city":"West Buddyshire","zipcode":"40059-6552","country":"Kuwait","country_code":"KW","latitude":20.213807,"longitude":-50.781887}],"website":"http:\/\/oconner.com","image":"http:\/\/placeimg.com\/640\/480\/people","contact":{"id":1,"firstname":"Liliane","lastname":"Kassulke","email":"desmond.beier@yahoo.com","phone":"+18638182317","birthday":"1948-09-11","gender":"female","address":{"id":1,"street":"70745 Maggio Lock","streetName":"Bernadette Mill","buildingNumber":"513","city":"Kasandrastad","zipcode":"56683-3021","country":"Turkmenistan","country_code":"TM","latitude":33.876457,"longitude":158.093693},"website":"http:\/\/jast.org","image":"http:\/\/placeimg.com\/640\/480\/people"}},{"id":3,"name":"Wolff, Deckow and Heathcote","email":"nicolette73@block.net","vat":"032164389","phone":"+18784981012","country":"Oman","addresses":[{"id":1,"street":"9754 Hannah Ranch Suite 333","streetName":"Dwight Way","buildingNumber":"9208","city":"North Marilynechester","zipcode":"98550","country":"Senegal","country_code":"SN","latitude":-6.902906,"longitude":-8.221382},{"id":1,"street":"255 Kathryne Brooks","streetName":"Veum Lodge","buildingNumber":"2708","city":"Robertsberg","zipcode":"81313-1857","country":"T\u00fcrkiye","country_code":"TR","latitude":-82.784648,"longitude":44.265731}],"website":"http:\/\/kerluke.com","image":"http:\/\/placeimg.com\/640\/480\/people","contact":{"id":1,"firstname":"Reba","lastname":"Huel","email":"hill.priscilla@hermann.com","phone":"+12018564155","birthday":"1965-02-25","gender":"female","address":{"id":1,"street":"6283 Enoch Grove Apt. 563","streetName":"Marge Mill","buildingNumber":"1158","city":"North Chauncey","zipcode":"10396","country":"Cyprus","country_code":"CY","latitude":87.719461,"longitude":79.721999},"website":"http:\/\/olson.net","image":"http:\/\/placeimg.com\/640\/480\/people"}},{"id":4,"name":"Leffler, Ziemann and Wehner","email":"xabshire@gmail.com","vat":"671139492","phone":"+12708150809","country":"Sudan","addresses":[{"id":1,"street":"2339 Gislason Pass","streetName":"Oliver Turnpike","buildingNumber":"703","city":"Lenoreberg","zipcode":"49488-7735","country":"Sint Maarten","country_code":"SX","latitude":79.516701,"longitude":98.081845},{"id":1,"street":"4503 Thelma Trail Apt. 456","streetName":"Stroman Lake","buildingNumber":"108","city":"Rosariochester","zipcode":"58473","country":"St. Lucia","country_code":"LC","latitude":-67.774677,"longitude":129.446523},{"id":1,"street":"172 Elinore Fields","streetName":"Pattie Glens","buildingNumber":"850","city":"Johnsonview","zipcode":"43208-1335","country":"Guinea","country_code":"GN","latitude":42.436579,"longitude":132.314151},{"id":1,"street":"940 Waldo Roads Apt. 405","streetName":"Pfeffer Forges","buildingNumber":"8272","city":"New Joyceport","zipcode":"50045-0676","country":"Canada","country_code":"CA","latitude":-32.854293,"longitude":-159.16331}],"website":"http:\/\/bashirian.info","image":"http:\/\/placeimg.com\/640\/480\/people","contact":{"id":1,"firstname":"Wilbert","lastname":"Bashirian","email":"tlangworth@runte.com","phone":"+17609314097","birthday":"1940-07-18","gender":"male","address":{"id":1,"street":"4268 Adams Track Apt. 408","streetName":"Mraz Alley","buildingNumber":"111","city":"Port Earnestine","zipcode":"36986","country":"St. Barth\u00e9lemy","country_code":"BL","latitude":56.874968,"longitude":144.577446},"website":"http:\/\/batz.com","image":"http:\/\/placeimg.com\/640\/480\/people"}},{"id":5,"name":"Fritsch, Conn and Hessel","email":"kaitlin.brakus@krajcik.com","vat":"21246395431","phone":"+17329394479","country":"Turkmenistan","addresses":[{"id":1,"street":"3353 Sporer Lock","streetName":"Sharon Falls","buildingNumber":"1103","city":"Willyville","zipcode":"47431-5260","country":"South Korea","country_code":"KR","latitude":20.829987,"longitude":9.674964},{"id":1,"street":"6522 Madonna Mountains Suite 365","streetName":"Jayde Ramp","buildingNumber":"68640","city":"East Trevashire","zipcode":"49277","country":"Haiti","country_code":"HT","latitude":47.846876,"longitude":-16.773086},{"id":1,"street":"6346 Eulah Mall Apt. 435","streetName":"Abraham Pines","buildingNumber":"3855","city":"Kirlinfurt","zipcode":"50123-0467","country":"Vietnam","country_code":"VN","latitude":42.93917,"longitude":-100.598488}],"website":"http:\/\/kozey.com","image":"http:\/\/placeimg.com\/640\/480\/people","contact":{"id":1,"firstname":"Kelli","lastname":"Rau","email":"hilario37@hotmail.com","phone":"+18433598279","birthday":"1996-08-11","gender":"female","address":{"id":1,"street":"145 Kayley Loop","streetName":"Gutkowski Radial","buildingNumber":"73861","city":"Briamouth","zipcode":"67481","country":"Finland","country_code":"FI","latitude":-36.355424,"longitude":60.531791},"website":"http:\/\/waters.info","image":"http:\/\/placeimg.com\/640\/480\/people"}},{"id":6,"name":"Friesen Ltd","email":"greenholt.nikita@gmail.com","vat":"777705991","phone":"+19808796421","country":"Honduras","addresses":[{"id":1,"street":"654 Kylie River Suite 177","streetName":"Adonis Terrace","buildingNumber":"479","city":"South Eltaview","zipcode":"57732","country":"Australia","country_code":"AU","latitude":-27.475105,"longitude":-170.136641},{"id":1,"street":"9983 Sheridan Wells","streetName":"Kurt Court","buildingNumber":"764","city":"Alexandrafurt","zipcode":"06026","country":"United States","country_code":"US","latitude":44.499626,"longitude":-60.875125},{"id":1,"street":"873 Waelchi Circle Suite 854","streetName":"Emard Mountains","buildingNumber":"492","city":"East Margiebury","zipcode":"83095","country":"Switzerland","country_code":"CH","latitude":-55.970718,"longitude":131.897791},{"id":1,"street":"110 Adams Shores","streetName":"Stone Camp","buildingNumber":"5906","city":"Port Rodgerbury","zipcode":"23028-0480","country":"Congo - Kinshasa","country_code":"CD","latitude":50.690187,"longitude":27.120295}],"website":"http:\/\/kessler.com","image":"http:\/\/placeimg.com\/640\/480\/people","contact":{"id":1,"firstname":"Lance","lastname":"Connelly","email":"gbartoletti@waters.biz","phone":"+15864681585","birthday":"2016-01-23","gender":"male","address":{"id":1,"street":"594 Ahmad Forks Apt. 992","streetName":"Francis Orchard","buildingNumber":"668","city":"West Ernamouth","zipcode":"59545","country":"Cameroon","country_code":"CM","latitude":-30.162157,"longitude":30.825008},"website":"http:\/\/ziemann.com","image":"http:\/\/placeimg.com\/640\/480\/people"}},{"id":7,"name":"Gibson-Kutch","email":"angelica47@hackett.com","vat":"45447627","phone":"+14787302720","country":"Bouvet Island (Bouvetoya)","addresses":[{"id":1,"street":"241 Dangelo Burgs Suite 311","streetName":"Kaley Cliff","buildingNumber":"8914","city":"Sengerview","zipcode":"32378","country":"Panama","country_code":"PA","latitude":33.939824,"longitude":97.363108},{"id":1,"street":"61434 Annie Radial Apt. 487","streetName":"Runte Divide","buildingNumber":"50201","city":"New Missourihaven","zipcode":"02148","country":"Israel","country_code":"IL","latitude":-54.27891,"longitude":-28.958763},{"id":1,"street":"23306 Leonora Flats","streetName":"Hal Divide","buildingNumber":"60689","city":"Raulbury","zipcode":"96446-2183","country":"Sierra Leone","country_code":"SL","latitude":34.408209,"longitude":141.090395}],"website":"http:\/\/nienow.com","image":"http:\/\/placeimg.com\/640\/480\/people","contact":{"id":1,"firstname":"Greg","lastname":"Nienow","email":"casimir.kuhn@hotmail.com","phone":"+15404439782","birthday":"1996-07-02","gender":"male","address":{"id":1,"street":"13730 Guadalupe Mall","streetName":"Ledner Common","buildingNumber":"1011","city":"New Eugeneton","zipcode":"79404","country":"Libya","country_code":"LY","latitude":-37.823866,"longitude":-31.23533},"website":"http:\/\/king.info","image":"http:\/\/placeimg.com\/640\/480\/people"}},{"id":8,"name":"Haley Inc","email":"sdare@gmail.com","vat":"8926171804","phone":"+17794338249","country":"Qatar","addresses":[{"id":1,"street":"2388 Misael Mountains Suite 254","streetName":"Hoeger Rapid","buildingNumber":"699","city":"Eldashire","zipcode":"54057","country":"Panama","country_code":"PA","latitude":-73.770952,"longitude":67.572813},{"id":1,"street":"9177 Fanny Crossing","streetName":"Schmitt Alley","buildingNumber":"3399","city":"West Noemi","zipcode":"10029","country":"\u00c5land Islands","country_code":"AX","latitude":48.981695,"longitude":-123.872596}],"website":"http:\/\/champlin.com","image":"http:\/\/placeimg.com\/640\/480\/people","contact":{"id":1,"firstname":"Devon","lastname":"Streich","email":"loraine.hirthe@hamill.org","phone":"+13809360601","birthday":"1952-10-02","gender":"male","address":{"id":1,"street":"2780 Ruecker Locks","streetName":"Hodkiewicz Unions","buildingNumber":"108","city":"West Juddfurt","zipcode":"72899-3561","country":"St. Martin","country_code":"MF","latitude":-71.202992,"longitude":-127.403141},"website":"http:\/\/kuhlman.com","image":"http:\/\/placeimg.com\/640\/480\/people"}},{"id":9,"name":"Gibson-Baumbach","email":"emilia98@yahoo.com","vat":"7128505120","phone":"+12678698482","country":"Vietnam","addresses":[{"id":1,"street":"95364 Chasity Streets","streetName":"Skiles Mission","buildingNumber":"63246","city":"South Zolaburgh","zipcode":"64541-1532","country":"Grenada","country_code":"GD","latitude":-78.707691,"longitude":-164.927724},{"id":1,"street":"1252 Armstrong Place Apt. 692","streetName":"Rickie Dam","buildingNumber":"4611","city":"Bruenport","zipcode":"03511-4321","country":"Hong Kong SAR China","country_code":"HK","latitude":66.419992,"longitude":32.970882}],"website":"http:\/\/oconner.org","image":"http:\/\/placeimg.com\/640\/480\/people","contact":{"id":1,"firstname":"Sidney","lastname":"Deckow","email":"bethel35@gmail.com","phone":"+17864586886","birthday":"1981-04-07","gender":"male","address":{"id":1,"street":"53163 Kendrick Heights","streetName":"Vella Turnpike","buildingNumber":"417","city":"Lake Jaymeside","zipcode":"10634-0309","country":"Nepal","country_code":"NP","latitude":53.571575,"longitude":-125.69244},"website":"http:\/\/connelly.com","image":"http:\/\/placeimg.com\/640\/480\/people"}},{"id":10,"name":"Sanford, Reinger and Kunze","email":"louie.ratke@gleason.com","vat":"13736563542","phone":"+18142639810","country":"United Arab Emirates","addresses":[{"id":1,"street":"602 Stamm Isle Suite 795","streetName":"Hermann Mill","buildingNumber":"9766","city":"Lake Estebanland","zipcode":"84450","country":"Germany","country_code":"DE","latitude":-21.314048,"longitude":28.335913},{"id":1,"street":"7305 Sauer Centers Apt. 512","streetName":"Austyn Falls","buildingNumber":"53561","city":"Lake Tamia","zipcode":"06875","country":"Italy","country_code":"IT","latitude":68.390695,"longitude":-134.061579},{"id":1,"street":"7435 Kunze Trafficway","streetName":"Reggie Estates","buildingNumber":"72405","city":"Lake Theodora","zipcode":"29434","country":"Canada","country_code":"CA","latitude":54.186981,"longitude":-67.264353}],"website":"http:\/\/lakin.com","image":"http:\/\/placeimg.com\/640\/480\/people","contact":{"id":1,"firstname":"Ruth","lastname":"Rice","email":"upton.glenna@bosco.net","phone":"+16267328088","birthday":"1975-12-18","gender":"female","address":{"id":1,"street":"7301 King Inlet","streetName":"Bell Coves","buildingNumber":"6286","city":"Port Marinamouth","zipcode":"30598","country":"Colombia","country_code":"CO","latitude":11.917965,"longitude":-153.904717},"website":"http:\/\/leannon.net","image":"http:\/\/placeimg.com\/640\/480\/people"}},{"id":11,"name":"Berge, Treutel and Lubowitz","email":"ebatz@rogahn.net","vat":"697180519","phone":"+16205081003","country":"Nauru","addresses":[{"id":1,"street":"20125 Elwin Vista Apt. 895","streetName":"Jakubowski Glen","buildingNumber":"937","city":"North Alysonton","zipcode":"36895","country":"Denmark","country_code":"DK","latitude":-77.643163,"longitude":65.997233},{"id":1,"street":"2149 Herman Oval","streetName":"Marquardt Locks","buildingNumber":"514","city":"Providencishire","zipcode":"22339","country":"Czechia","country_code":"CZ","latitude":21.891771,"longitude":20.066251},{"id":1,"street":"8429 Cletus Mills Suite 564","streetName":"Lind Ranch","buildingNumber":"16537","city":"Bodemouth","zipcode":"53016-1452","country":"Burkina Faso","country_code":"BF","latitude":-64.05185,"longitude":-179.546883}],"website":"http:\/\/paucek.com","image":"http:\/\/placeimg.com\/640\/480\/people","contact":{"id":1,"firstname":"Elinore","lastname":"Torp","email":"jaida.schiller@yahoo.com","phone":"+12122090765","birthday":"1954-01-04","gender":"female","address":{"id":1,"street":"8734 Hamill Crossroad","streetName":"Thomas Flats","buildingNumber":"5070","city":"East Freda","zipcode":"17034-3377","country":"Tunisia","country_code":"TN","latitude":-78.595352,"longitude":-72.430199},"website":"http:\/\/legros.com","image":"http:\/\/placeimg.com\/640\/480\/people"}},{"id":12,"name":"Schuppe, Schiller and Raynor","email":"wisozk.cassandre@hane.com","vat":"919724000","phone":"+19295488805","country":"Canada","addresses":[{"id":1,"street":"413 Beahan Vista Suite 391","streetName":"Harvey Trail","buildingNumber":"581","city":"Port Maudeburgh","zipcode":"54327-4494","country":"Guatemala","country_code":"GT","latitude":55.277683,"longitude":-68.599891},{"id":1,"street":"13988 Nader Knolls","streetName":"Luciano Brooks","buildingNumber":"196","city":"North Jordy","zipcode":"90292-0390","country":"South Georgia & South Sandwich Islands","country_code":"GS","latitude":17.060876,"longitude":8.890857},{"id":1,"street":"144 Schulist Trace","streetName":"Graham Isle","buildingNumber":"860","city":"Port Austynmouth","zipcode":"75470","country":"Grenada","country_code":"GD","latitude":74.17314,"longitude":-118.618563}],"website":"http:\/\/fritsch.org","image":"http:\/\/placeimg.com\/640\/480\/people","contact":{"id":1,"firstname":"Icie","lastname":"Mills","email":"naufderhar@brown.net","phone":"+13185003847","birthday":"1986-09-16","gender":"female","address":{"id":1,"street":"4700 Beer Crescent Apt. 743","streetName":"Rice Unions","buildingNumber":"303","city":"Davisberg","zipcode":"44235-2728","country":"Nepal","country_code":"NP","latitude":-43.481682,"longitude":31.640882},"website":"http:\/\/vonrueden.net","image":"http:\/\/placeimg.com\/640\/480\/people"}},{"id":13,"name":"Heller-Stark","email":"ezekiel67@dare.com","vat":"67194252343","phone":"+13522698257","country":"Spain","addresses":[{"id":1,"street":"38151 Rippin Manor","streetName":"Lorena View","buildingNumber":"5715","city":"Raumouth","zipcode":"06251","country":"Canada","country_code":"CA","latitude":-66.941874,"longitude":-116.963753}],"website":"http:\/\/hartmann.biz","image":"http:\/\/placeimg.com\/640\/480\/people","contact":{"id":1,"firstname":"Lucy","lastname":"Lowe","email":"milan.koss@lowe.com","phone":"+16319224139","birthday":"1958-09-06","gender":"female","address":{"id":1,"street":"768 Hailee Parkway Apt. 944","streetName":"Schmitt Stravenue","buildingNumber":"69571","city":"Ellieburgh","zipcode":"37111","country":"Croatia","country_code":"HR","latitude":-65.610488,"longitude":-136.257692},"website":"http:\/\/hettinger.com","image":"http:\/\/placeimg.com\/640\/480\/people"}},{"id":14,"name":"DuBuque-Sawayn","email":"gerlach.sidney@yahoo.com","vat":"074860863","phone":"+14707280422","country":"Albania","addresses":[{"id":1,"street":"572 Mikayla Underpass Apt. 302","streetName":"Schmeler Union","buildingNumber":"412","city":"Lake Arch","zipcode":"90712-9883","country":"Belize","country_code":"BZ","latitude":89.483598,"longitude":-103.390437},{"id":1,"street":"94312 Ezequiel Wall Suite 065","streetName":"Robel Place","buildingNumber":"53722","city":"Leschfort","zipcode":"52045","country":"C\u00f4te d\u2019Ivoire","country_code":"CI","latitude":-31.182159,"longitude":-159.617467},{"id":1,"street":"22477 Morissette Cliff","streetName":"Camylle Gardens","buildingNumber":"169","city":"Wintheiserton","zipcode":"76312","country":"Wallis & Futuna","country_code":"WF","latitude":-57.32628,"longitude":-41.062714},{"id":1,"street":"9518 Kautzer Skyway","streetName":"Nicolas Lake","buildingNumber":"52350","city":"East Rylan","zipcode":"88980-5168","country":"T\u00fcrkiye","country_code":"TR","latitude":5.798134,"longitude":-7.7313}],"website":"http:\/\/weimann.com","image":"http:\/\/placeimg.com\/640\/480\/people","contact":{"id":1,"firstname":"Aric","lastname":"Bergstrom","email":"malinda.conn@goyette.com","phone":"+16019329308","birthday":"1968-10-25","gender":"male","address":{"id":1,"street":"9659 Cormier Glens Apt. 108","streetName":"Lavon Inlet","buildingNumber":"287","city":"East Ransom","zipcode":"07023-6343","country":"Greece","country_code":"GR","latitude":57.330894,"longitude":-45.943698},"website":"http:\/\/beatty.com","image":"http:\/\/placeimg.com\/640\/480\/people"}},{"id":15,"name":"Crona, Kub and O'Conner","email":"hsatterfield@hotmail.com","vat":"828730267","phone":"+16464900890","country":"Montenegro","addresses":[{"id":1,"street":"8772 Stark Plaza","streetName":"O'Reilly Fort","buildingNumber":"6233","city":"Cartwrightbury","zipcode":"28952-8394","country":"Armenia","country_code":"AM","latitude":-45.130138,"longitude":24.328943},{"id":1,"street":"538 Calista Stream Suite 992","streetName":"Hermiston Heights","buildingNumber":"912","city":"Creminbury","zipcode":"94401-2769","country":"Comoros","country_code":"KM","latitude":-57.448731,"longitude":-28.760554},{"id":1,"street":"825 Leannon Knolls Apt. 045","streetName":"Sylvan Crossing","buildingNumber":"70399","city":"Port Gina","zipcode":"57740-0808","country":"Slovakia","country_code":"SK","latitude":26.771244,"longitude":82.613473}],"website":"http:\/\/reichel.net","image":"http:\/\/placeimg.com\/640\/480\/people","contact":{"id":1,"firstname":"Declan","lastname":"Blick","email":"qglover@gmail.com","phone":"+19803387513","birthday":"1966-03-28","gender":"male","address":{"id":1,"street":"923 Stokes Mountains Suite 758","streetName":"Melyna Prairie","buildingNumber":"2012","city":"North Forest","zipcode":"29253","country":"Burkina Faso","country_code":"BF","latitude":83.210275,"longitude":36.809512},"website":"http:\/\/jacobson.com","image":"http:\/\/placeimg.com\/640\/480\/people"}},{"id":16,"name":"Hoeger, Yost and Towne","email":"magnus.kuvalis@bahringer.org","vat":"951701059","phone":"+19522437358","country":"Nigeria","addresses":[{"id":1,"street":"2610 Moen Viaduct Apt. 390","streetName":"Kaylah Squares","buildingNumber":"84626","city":"Gottliebstad","zipcode":"85141","country":"Luxembourg","country_code":"LU","latitude":-15.086057,"longitude":-24.276759},{"id":1,"street":"359 Simeon Lodge Suite 994","streetName":"Runolfsson Divide","buildingNumber":"42299","city":"South Devan","zipcode":"62082","country":"Honduras","country_code":"HN","latitude":-7.441289,"longitude":-175.920419},{"id":1,"street":"1406 Bradly Crest Suite 030","streetName":"Bridie Turnpike","buildingNumber":"2013","city":"New Hattieshire","zipcode":"03489-4116","country":"Gibraltar","country_code":"GI","latitude":33.783704,"longitude":-60.599179}],"website":"http:\/\/schmeler.com","image":"http:\/\/placeimg.com\/640\/480\/people","contact":{"id":1,"firstname":"Cristian","lastname":"Lubowitz","email":"henriette85@hotmail.com","phone":"+16575019092","birthday":"2025-01-19","gender":"male","address":{"id":1,"street":"90047 Dakota Prairie","streetName":"Tianna Parkway","buildingNumber":"1658","city":"Port Anastasiashire","zipcode":"24962","country":"Martinique","country_code":"MQ","latitude":-89.386505,"longitude":153.48155},"website":"http:\/\/koss.com","image":"http:\/\/placeimg.com\/640\/480\/people"}},{"id":17,"name":"Kulas, Kiehn and Yundt","email":"michale20@kautzer.com","vat":"68930964571","phone":"+12798907453","country":"Guadeloupe","addresses":[{"id":1,"street":"1968 Justina Pike","streetName":"Corwin Lock","buildingNumber":"837","city":"Lake Anne","zipcode":"57578","country":"Guam","country_code":"GU","latitude":-73.420632,"longitude":-13.029186}],"website":"http:\/\/kling.com","image":"http:\/\/placeimg.com\/640\/480\/people","contact":{"id":1,"firstname":"Domingo","lastname":"Leffler","email":"roxanne.hirthe@hotmail.com","phone":"+15403186465","birthday":"1999-04-26","gender":"male","address":{"id":1,"street":"4802 Micah Walks Suite 126","streetName":"Jones Road","buildingNumber":"665","city":"Port Dion","zipcode":"32265","country":"Denmark","country_code":"DK","latitude":4.35905,"longitude":107.220594},"website":"http:\/\/wuckert.com","image":"http:\/\/placeimg.com\/640\/480\/people"}},{"id":18,"name":"Williamson-Spencer","email":"karianne63@upton.com","vat":"5825346575","phone":"+15746990684","country":"Saudi Arabia","addresses":[{"id":1,"street":"598 Geovany Route Apt. 560","streetName":"Linnea Village","buildingNumber":"257","city":"Briceborough","zipcode":"40031-2383","country":"St. Kitts & Nevis","country_code":"KN","latitude":31.669613,"longitude":47.61525},{"id":1,"street":"83469 Gibson Shore","streetName":"Kshlerin Estate","buildingNumber":"1574","city":"East Cyril","zipcode":"76394","country":"Turkmenistan","country_code":"TM","latitude":-57.025288,"longitude":-14.281463},{"id":1,"street":"208 Hester Common","streetName":"Maia Harbor","buildingNumber":"8811","city":"Joanchester","zipcode":"19421","country":"St. Barth\u00e9lemy","country_code":"BL","latitude":-29.733586,"longitude":-45.587822},{"id":1,"street":"9728 Hoeger Passage","streetName":"Sipes Spurs","buildingNumber":"450","city":"Ronaldomouth","zipcode":"29904-5377","country":"North Macedonia","country_code":"MK","latitude":73.884936,"longitude":62.669946},{"id":1,"street":"65024 Chaim Turnpike","streetName":"Goyette Port","buildingNumber":"6587","city":"Weissnatbury","zipcode":"36383","country":"Equatorial Guinea","country_code":"GQ","latitude":-6.467716,"longitude":-176.941029}],"website":"http:\/\/oconner.net","image":"http:\/\/placeimg.com\/640\/480\/people","contact":{"id":1,"firstname":"Garett","lastname":"Lubowitz","email":"martina.cormier@hotmail.com","phone":"+14585668440","birthday":"1989-12-02","gender":"male","address":{"id":1,"street":"272 Lemke Orchard","streetName":"Berry Freeway","buildingNumber":"126","city":"Port Dina","zipcode":"95663-2097","country":"C\u00f4te d\u2019Ivoire","country_code":"CI","latitude":-24.61737,"longitude":-112.157762},"website":"http:\/\/schroeder.com","image":"http:\/\/placeimg.com\/640\/480\/people"}},{"id":19,"name":"Hills, Hodkiewicz and Carter","email":"humberto.bernhard@yahoo.com","vat":"11036370134","phone":"+15805270714","country":"Sweden","addresses":[{"id":1,"street":"8489 Feest Road Apt. 869","streetName":"Lacey Manor","buildingNumber":"444","city":"Lake Benborough","zipcode":"31756-6123","country":"Bulgaria","country_code":"BG","latitude":-32.999845,"longitude":65.937888},{"id":1,"street":"954 McClure Turnpike Suite 328","streetName":"Christine Neck","buildingNumber":"96469","city":"Huelsmouth","zipcode":"58430-0269","country":"Georgia","country_code":"GE","latitude":33.211801,"longitude":-12.553691},{"id":1,"street":"3476 Dicki Canyon","streetName":"Casimir Drive","buildingNumber":"4593","city":"Lake Albina","zipcode":"59113","country":"Grenada","country_code":"GD","latitude":52.568551,"longitude":7.878161},{"id":1,"street":"6633 Upton Stream","streetName":"Willa Highway","buildingNumber":"7306","city":"Lake Candace","zipcode":"53981","country":"Oman","country_code":"OM","latitude":-68.050164,"longitude":-96.046412}],"website":"http:\/\/howe.com","image":"http:\/\/placeimg.com\/640\/480\/people","contact":{"id":1,"firstname":"Grady","lastname":"Hill","email":"wdouglas@gmail.com","phone":"+18288713564","birthday":"2009-05-26","gender":"male","address":{"id":1,"street":"684 Kara Courts Suite 740","streetName":"Favian Burgs","buildingNumber":"67642","city":"Novellamouth","zipcode":"21697","country":"South Sudan","country_code":"SS","latitude":-28.190158,"longitude":-66.38533},"website":"http:\/\/pagac.com","image":"http:\/\/placeimg.com\/640\/480\/people"}},{"id":20,"name":"Hayes PLC","email":"draynor@yahoo.com","vat":"052430989","phone":"+16506403852","country":"Paraguay","addresses":[{"id":1,"street":"63799 Blanda Drive Suite 786","streetName":"Meghan Street","buildingNumber":"82662","city":"Darricktown","zipcode":"18197","country":"Tonga","country_code":"TO","latitude":76.28581,"longitude":154.970746},{"id":1,"street":"91115 Gabriel Pine","streetName":"Maymie Squares","buildingNumber":"528","city":"O'Connelltown","zipcode":"39278","country":"Bermuda","country_code":"BM","latitude":-68.27771,"longitude":27.880023},{"id":1,"street":"5638 Zieme Mountains","streetName":"Cronin Isle","buildingNumber":"311","city":"Bogisichville","zipcode":"11786-6954","country":"Anguilla","country_code":"AI","latitude":-71.440081,"longitude":134.766233},{"id":1,"street":"288 Shanahan Port Suite 894","streetName":"Hickle Fort","buildingNumber":"43343","city":"East Jaydeport","zipcode":"46630-9392","country":"St. Helena","country_code":"SH","latitude":-68.61556,"longitude":-34.1366},{"id":1,"street":"47011 Marco Drive Apt. 088","streetName":"Feest Village","buildingNumber":"5835","city":"South Aryanna","zipcode":"61265-2343","country":"Chile","country_code":"CL","latitude":-12.242523,"longitude":176.210328}],"website":"http:\/\/schaden.com","image":"http:\/\/placeimg.com\/640\/480\/people","contact":{"id":1,"firstname":"Lon","lastname":"Nienow","email":"waters.rachael@gmail.com","phone":"+17866333910","birthday":"1974-11-13","gender":"male","address":{"id":1,"street":"140 Alysha Point","streetName":"Casper Mountains","buildingNumber":"49944","city":"West Eunaton","zipcode":"69412-4943","country":"U.S. Virgin Islands","country_code":"VI","latitude":-15.204809,"longitude":17.179305},"website":"http:\/\/schneider.net","image":"http:\/\/placeimg.com\/640\/480\/people"}}]}
[PASSED] Qty :20 | Response Qty:20
]]></system-out>
  </testcase>
  <testcase name="testCompanyAPIValue5" classname="CompanyAPITest" time="2.082">
    <system-out><![CDATA[{"status":"OK","code":200,"locale":"en_US","seed":null,"total":5,"data":[{"id":1,"name":"Kessler-Kuvalis","email":"gfeeney@jenkins.com","vat":"2828424659","phone":"+18576520342","country":"United Arab Emirates","addresses":[{"id":1,"street":"726 Raquel Prairie","streetName":"Ima Mill","buildingNumber":"196","city":"New Mavis","zipcode":"16243-4831","country":"Costa Rica","country_code":"CR","latitude":5.064447,"longitude":-108.948051},{"id":1,"street":"9069 Schaden Corners Suite 071","streetName":"Schaden Camp","buildingNumber":"44225","city":"Alenaview","zipcode":"69471-1834","country":"Seychelles","country_code":"SC","latitude":-32.209206,"longitude":-167.94739},{"id":1,"street":"3748 Ressie Isle","streetName":"Spencer Loop","buildingNumber":"649","city":"Kuvalistown","zipcode":"65717-0305","country":"C\u00f4te d\u2019Ivoire","country_code":"CI","latitude":-23.402683,"longitude":33.731571},{"id":1,"street":"4768 Ryan Stream Suite 942","streetName":"Nia Roads","buildingNumber":"340","city":"South Dora","zipcode":"72898","country":"Cook Islands","country_code":"CK","latitude":74.32881,"longitude":74.118454},{"id":1,"street":"990 Rhianna Isle","streetName":"Hill Meadow","buildingNumber":"4080","city":"South Danielle","zipcode":"50624","country":"Mali","country_code":"ML","latitude":-15.355456,"longitude":174.623735}],"website":"http:\/\/kub.com","image":"http:\/\/placeimg.com\/640\/480\/people","contact":{"id":1,"firstname":"Florian","lastname":"Lindgren","email":"abradtke@hotmail.com","phone":"+18543022148","birthday":"1960-12-17","gender":"male","address":{"id":1,"street":"9010 Price Turnpike Suite 346","streetName":"Balistreri Shoals","buildingNumber":"8710","city":"Croninmouth","zipcode":"36938","country":"Germany","country_code":"DE","latitude":48.625012,"longitude":-118.730291},"website":"http:\/\/reinger.com","image":"http:\/\/placeimg.com\/640\/480\/people"}},{"id":2,"name":"Douglas-Beahan","email":"esteban61@stroman.com","vat":"39683388","phone":"+16518093934","country":"Pitcairn Islands","addresses":[{"id":1,"street":"86973 Wiegand Squares Apt. 602","streetName":"Nicklaus Point","buildingNumber":"34841","city":"Port Walterport","zipcode":"24127","country":"Mauritius","country_code":"MU","latitude":-9.473293,"longitude":-149.597431},{"id":1,"street":"96710 Lavinia Shoals Apt. 349","streetName":"Jack Well","buildingNumber":"9856","city":"West Leonie","zipcode":"72014-3487","country":"Ireland","country_code":"IE","latitude":-57.568818,"longitude":-166.357988},{"id":1,"street":"512 Shaylee Drive","streetName":"Rolfson Land","buildingNumber":"28035","city":"Jarenfurt","zipcode":"26584-6809","country":"Saudi Arabia","country_code":"SA","latitude":-6.380292,"longitude":141.225791}],"website":"http:\/\/bogan.net","image":"http:\/\/placeimg.com\/640\/480\/people","contact":{"id":1,"firstname":"Cassidy","lastname":"Blanda","email":"zhaley@cormier.org","phone":"+13096339629","birthday":"2017-06-20","gender":"female","address":{"id":1,"street":"47858 Shanon Tunnel Suite 155","streetName":"Eudora Fords","buildingNumber":"13776","city":"Port Ramona","zipcode":"03380-0236","country":"Tunisia","country_code":"TN","latitude":36.478911,"longitude":116.706154},"website":"http:\/\/goyette.org","image":"http:\/\/placeimg.com\/640\/480\/people"}},{"id":3,"name":"Jacobi, Goldner and Romaguera","email":"annetta50@grimes.com","vat":"5735129302","phone":"+14798425535","country":"Anguilla","addresses":[{"id":1,"street":"84989 Sister Ridges","streetName":"Pouros Meadows","buildingNumber":"11832","city":"Joelbury","zipcode":"34219","country":"Uzbekistan","country_code":"UZ","latitude":-44.27176,"longitude":47.344613},{"id":1,"street":"1821 Deondre Springs Suite 408","streetName":"Kerluke Pine","buildingNumber":"19497","city":"Kulasfurt","zipcode":"28269","country":"C\u00f4te d\u2019Ivoire","country_code":"CI","latitude":-3.669758,"longitude":-170.760722}],"website":"http:\/\/altenwerth.com","image":"http:\/\/placeimg.com\/640\/480\/people","contact":{"id":1,"firstname":"Christopher","lastname":"Hagenes","email":"nicklaus72@hotmail.com","phone":"+17732071586","birthday":"1963-11-12","gender":"male","address":{"id":1,"street":"708 Carter Islands","streetName":"Bauch Island","buildingNumber":"78931","city":"Leopoldfort","zipcode":"98635-5393","country":"Antigua & Barbuda","country_code":"AG","latitude":69.454969,"longitude":22.681352},"website":"http:\/\/goyette.com","image":"http:\/\/placeimg.com\/640\/480\/people"}},{"id":4,"name":"Bailey, Rogahn and Lang","email":"howell.ari@kozey.com","vat":"4373452158","phone":"+12728822454","country":"Christmas Island","addresses":[{"id":1,"street":"426 Considine Cliff","streetName":"Hyman Lodge","buildingNumber":"31119","city":"East Maddison","zipcode":"24301-2894","country":"India","country_code":"IN","latitude":-28.65718,"longitude":136.320271},{"id":1,"street":"198 Hartmann Roads Apt. 946","streetName":"Adelia Highway","buildingNumber":"112","city":"West Lorinefurt","zipcode":"97203-0438","country":"India","country_code":"IN","latitude":85.731211,"longitude":-88.913114},{"id":1,"street":"9315 Eleazar Park","streetName":"Goodwin River","buildingNumber":"64821","city":"East Cary","zipcode":"55350-8381","country":"Syria","country_code":"SY","latitude":-19.677693,"longitude":-20.303643},{"id":1,"street":"25281 Dickens Ford","streetName":"Gretchen Corner","buildingNumber":"7283","city":"Mrazberg","zipcode":"32179-1261","country":"Kazakhstan","country_code":"KZ","latitude":17.92262,"longitude":-162.208216},{"id":1,"street":"2173 Kylee Turnpike","streetName":"Autumn Point","buildingNumber":"1750","city":"East Marcusstad","zipcode":"82456","country":"Chad","country_code":"TD","latitude":-85.632936,"longitude":-88.404491}],"website":"http:\/\/olson.org","image":"http:\/\/placeimg.com\/640\/480\/people","contact":{"id":1,"firstname":"Alexys","lastname":"Carroll","email":"vnicolas@schuppe.net","phone":"+16196441765","birthday":"1981-04-16","gender":"male","address":{"id":1,"street":"649 Hudson Village Suite 385","streetName":"Yost Inlet","buildingNumber":"98950","city":"North Alexandreahaven","zipcode":"45268","country":"Sierra Leone","country_code":"SL","latitude":-68.44647,"longitude":-107.912331},"website":"http:\/\/witting.info","image":"http:\/\/placeimg.com\/640\/480\/people"}},{"id":5,"name":"Ortiz, Nikolaus and Stoltenberg","email":"lyla.huels@hotmail.com","vat":"47953040","phone":"+19205774663","country":"Dominica","addresses":[{"id":1,"street":"907 Janis Mission","streetName":"Litzy Brooks","buildingNumber":"9381","city":"New Alexzander","zipcode":"22789","country":"Martinique","country_code":"MQ","latitude":-22.102155,"longitude":63.90814}],"website":"http:\/\/steuber.org","image":"http:\/\/placeimg.com\/640\/480\/people","contact":{"id":1,"firstname":"Agustina","lastname":"Gorczany","email":"joe23@oconner.com","phone":"+14104457282","birthday":"1952-10-29","gender":"female","address":{"id":1,"street":"89715 Estella Groves","streetName":"Renner Gateway","buildingNumber":"33263","city":"Keithborough","zipcode":"79708","country":"Cayman Islands","country_code":"KY","latitude":-14.038282,"longitude":-15.504568},"website":"http:\/\/koepp.org","image":"http:\/\/placeimg.com\/640\/480\/people"}}]}
[PASSED] Qty :5 | Response Qty:5
]]></system-out>
  </testcase>
  <testcase name="testCompanyID" classname="CompanyAPITest" time="2.306">
    <system-out><![CDATA[{"status":"OK","code":200,"locale":"en_US","seed":null,"total":10,"data":[{"id":1,"name":"Moen, Goyette and Daniel","email":"stroman.boyd@hotmail.com","vat":"89717096085","phone":"+14054901391","country":"Korea","addresses":[{"id":1,"street":"863 Howell Fork Suite 505","streetName":"Saul Villages","buildingNumber":"8912","city":"North Mavishaven","zipcode":"32805-7006","country":"St. Lucia","country_code":"LC","latitude":-27.445427,"longitude":28.232534},{"id":1,"street":"5618 Kamille Ferry Suite 440","streetName":"Hackett Valley","buildingNumber":"840","city":"North Einar","zipcode":"37194","country":"United Arab Emirates","country_code":"AE","latitude":13.691992,"longitude":51.4664},{"id":1,"street":"6632 Justyn Cliffs","streetName":"Eric Stream","buildingNumber":"6997","city":"North Lafayette","zipcode":"60626-4412","country":"Comoros","country_code":"KM","latitude":16.354372,"longitude":-15.397246}],"website":"http:\/\/haag.info","image":"http:\/\/placeimg.com\/640\/480\/people","contact":{"id":1,"firstname":"Olga","lastname":"Haag","email":"creola07@yahoo.com","phone":"+12102713702","birthday":"1968-05-11","gender":"female","address":{"id":1,"street":"7023 Brennon Brook","streetName":"Therese Prairie","buildingNumber":"2726","city":"East Trinity","zipcode":"67743-0473","country":"Palestinian Territories","country_code":"PS","latitude":-39.371564,"longitude":-74.668997},"website":"http:\/\/murazik.com","image":"http:\/\/placeimg.com\/640\/480\/people"}},{"id":2,"name":"Carroll, Schmitt and Wyman","email":"rlynch@hoeger.com","vat":"9045704058","phone":"+17024516725","country":"Svalbard & Jan Mayen Islands","addresses":[{"id":1,"street":"26541 Jaquelin Junctions Apt. 306","streetName":"Jaren Lakes","buildingNumber":"180","city":"Bartolettiview","zipcode":"40205-4607","country":"Oman","country_code":"OM","latitude":-78.895252,"longitude":-31.140967},{"id":1,"street":"45301 Kyle Green","streetName":"Fahey Island","buildingNumber":"36322","city":"New Liamside","zipcode":"87919","country":"Mayotte","country_code":"YT","latitude":-26.656523,"longitude":-52.062803}],"website":"http:\/\/durgan.com","image":"http:\/\/placeimg.com\/640\/480\/people","contact":{"id":1,"firstname":"Sabina","lastname":"Rogahn","email":"marvin.cara@hyatt.info","phone":"+17404002615","birthday":"2018-03-07","gender":"female","address":{"id":1,"street":"9012 Mayra Bridge Suite 216","streetName":"Billie Turnpike","buildingNumber":"507","city":"Port Lorenz","zipcode":"78301","country":"Trinidad & Tobago","country_code":"TT","latitude":-61.868742,"longitude":107.723452},"website":"http:\/\/bailey.com","image":"http:\/\/placeimg.com\/640\/480\/people"}},{"id":3,"name":"Ebert, Nader and Bruen","email":"owilliamson@hotmail.com","vat":"94592759714","phone":"+12109491000","country":"Finland","addresses":[{"id":1,"street":"61720 Schaden Valleys Apt. 160","streetName":"Smitham Throughway","buildingNumber":"8826","city":"Wehnershire","zipcode":"38848-1400","country":"Ethiopia","country_code":"ET","latitude":-35.486615,"longitude":-164.45325},{"id":1,"street":"76770 Veum Parkways Apt. 686","streetName":"Swaniawski Stream","buildingNumber":"53116","city":"Pourosborough","zipcode":"12093","country":"Indonesia","country_code":"ID","latitude":71.786537,"longitude":171.527469},{"id":1,"street":"6368 Domenico Falls Apt. 646","streetName":"Hessel Prairie","buildingNumber":"75763","city":"Metzberg","zipcode":"90802-0872","country":"El Salvador","country_code":"SV","latitude":-41.151027,"longitude":79.099534}],"website":"http:\/\/lockman.info","image":"http:\/\/placeimg.com\/640\/480\/people","contact":{"id":1,"firstname":"Ola","lastname":"Hill","email":"katheryn30@ohara.com","phone":"+17324995436","birthday":"1963-05-16","gender":"male","address":{"id":1,"street":"3653 Dahlia Stravenue","streetName":"Leora Orchard","buildingNumber":"4484","city":"South Erickburgh","zipcode":"72107","country":"Sweden","country_code":"SE","latitude":51.758099,"longitude":-79.310606},"website":"http:\/\/williamson.com","image":"http:\/\/placeimg.com\/640\/480\/people"}},{"id":4,"name":"Jacobs Ltd","email":"petra.quigley@kling.net","vat":"99257914964","phone":"+14405818500","country":"Ukraine","addresses":[{"id":1,"street":"678 Jodie Crossing Suite 769","streetName":"Cleveland Views","buildingNumber":"96232","city":"Lake Gustaveborough","zipcode":"63070","country":"Argentina","country_code":"AR","latitude":69.202179,"longitude":110.827839},{"id":1,"street":"286 Columbus Plains","streetName":"Goodwin Hills","buildingNumber":"5606","city":"Luztown","zipcode":"91207-9579","country":"Guinea","country_code":"GN","latitude":30.939491,"longitude":-163.822644},{"id":1,"street":"77787 Bogan Stravenue Suite 910","streetName":"Zboncak Brook","buildingNumber":"715","city":"Bruenshire","zipcode":"45965-0967","country":"Uganda","country_code":"UG","latitude":-82.764746,"longitude":-112.025124},{"id":1,"street":"6623 Beaulah Mountain Apt. 672","streetName":"Carli Neck","buildingNumber":"276","city":"West Joany","zipcode":"90652","country":"Oman","country_code":"OM","latitude":-70.783864,"longitude":-38.569849}],"website":"http:\/\/farrell.biz","image":"http:\/\/placeimg.com\/640\/480\/people","contact":{"id":1,"firstname":"Oda","lastname":"O'Conner","email":"ankunding.natalia@gmail.com","phone":"+19182848964","birthday":"2008-09-19","gender":"male","address":{"id":1,"street":"36552 Luettgen Route","streetName":"Delia Forges","buildingNumber":"25244","city":"Camrynside","zipcode":"22580","country":"Ireland","country_code":"IE","latitude":-86.625619,"longitude":-50.584339},"website":"http:\/\/halvorson.com","image":"http:\/\/placeimg.com\/640\/480\/people"}},{"id":5,"name":"Sawayn LLC","email":"marquise48@hotmail.com","vat":"8729950739","phone":"+18707435669","country":"Falkland Islands (Malvinas)","addresses":[{"id":1,"street":"4556 Murray Keys Apt. 545","streetName":"Halvorson Loaf","buildingNumber":"89963","city":"Emmettchester","zipcode":"85245-9960","country":"St. Pierre & Miquelon","country_code":"PM","latitude":60.884369,"longitude":-123.149259}],"website":"http:\/\/raynor.biz","image":"http:\/\/placeimg.com\/640\/480\/people","contact":{"id":1,"firstname":"Alejandra","lastname":"Hoppe","email":"joesph.sawayn@harber.com","phone":"+14246909923","birthday":"1996-03-31","gender":"female","address":{"id":1,"street":"75360 Koss Rapids Suite 084","streetName":"Barton Unions","buildingNumber":"52596","city":"Toneyport","zipcode":"12887","country":"Suriname","country_code":"SR","latitude":-18.856732,"longitude":111.457459},"website":"http:\/\/dietrich.com","image":"http:\/\/placeimg.com\/640\/480\/people"}},{"id":6,"name":"Kub-Bednar","email":"pagac.laurel@crooks.com","vat":"51289452","phone":"+12206329588","country":"Liberia","addresses":[{"id":1,"street":"47386 Bruen Islands Suite 439","streetName":"Borer Glens","buildingNumber":"74077","city":"Theamouth","zipcode":"90391-2789","country":"Vietnam","country_code":"VN","latitude":22.158478,"longitude":131.311473}],"website":"http:\/\/frami.com","image":"http:\/\/placeimg.com\/640\/480\/people","contact":{"id":1,"firstname":"Amanda","lastname":"Osinski","email":"treva37@yahoo.com","phone":"+15025811502","birthday":"2008-03-21","gender":"female","address":{"id":1,"street":"9318 Rosamond Corner","streetName":"Brant Motorway","buildingNumber":"318","city":"Nikolaustown","zipcode":"25441-1844","country":"Martinique","country_code":"MQ","latitude":69.462106,"longitude":21.245891},"website":"http:\/\/russel.com","image":"http:\/\/placeimg.com\/640\/480\/people"}},{"id":7,"name":"O'Keefe, Rolfson and Aufderhar","email":"mcclure.lola@lemke.biz","vat":"77376625","phone":"+15512278555","country":"Bhutan","addresses":[{"id":1,"street":"4374 Stella Parks","streetName":"Schroeder Springs","buildingNumber":"5673","city":"North Mylene","zipcode":"98932","country":"Bosnia & Herzegovina","country_code":"BA","latitude":67.62338,"longitude":-19.67955},{"id":1,"street":"38700 Cathy Trafficway Suite 368","streetName":"Gusikowski Parks","buildingNumber":"88327","city":"South Ed","zipcode":"61138","country":"Hong Kong SAR China","country_code":"HK","latitude":-61.021711,"longitude":-163.940751},{"id":1,"street":"443 Candace Alley Suite 464","streetName":"Deckow Oval","buildingNumber":"12448","city":"Jakubowskifort","zipcode":"42926","country":"Aruba","country_code":"AW","latitude":-74.025561,"longitude":157.914888}],"website":"http:\/\/bogan.com","image":"http:\/\/placeimg.com\/640\/480\/people","contact":{"id":1,"firstname":"Ofelia","lastname":"McCullough","email":"joanne.jakubowski@gmail.com","phone":"+14405590536","birthday":"1944-08-28","gender":"female","address":{"id":1,"street":"996 Nathen Path Suite 784","streetName":"Mireya Trafficway","buildingNumber":"9485","city":"Lake Kameronfurt","zipcode":"69887","country":"Anguilla","country_code":"AI","latitude":-88.957205,"longitude":162.946837},"website":"http:\/\/douglas.info","image":"http:\/\/placeimg.com\/640\/480\/people"}},{"id":8,"name":"Jacobson Group","email":"octavia17@gmail.com","vat":"683717093","phone":"+12106664763","country":"Saint Helena","addresses":[{"id":1,"street":"210 Noel Estate","streetName":"Carson Track","buildingNumber":"602","city":"Julietborough","zipcode":"24807-0037","country":"Brazil","country_code":"BR","latitude":-48.544884,"longitude":48.338076},{"id":1,"street":"362 Rau Radial","streetName":"Zane Forges","buildingNumber":"409","city":"Wymanburgh","zipcode":"50562","country":"Singapore","country_code":"SG","latitude":25.468169,"longitude":-154.712757},{"id":1,"street":"91957 Zechariah Junction","streetName":"Schuster Groves","buildingNumber":"74511","city":"Ondrickaview","zipcode":"73110-3449","country":"Malta","country_code":"MT","latitude":28.953002,"longitude":-50.851323},{"id":1,"street":"737 Carley Gardens","streetName":"Leslie Crescent","buildingNumber":"992","city":"Lake Colton","zipcode":"25773","country":"Romania","country_code":"RO","latitude":-73.450327,"longitude":-102.677889}],"website":"http:\/\/conn.com","image":"http:\/\/placeimg.com\/640\/480\/people","contact":{"id":1,"firstname":"Dax","lastname":"Kohler","email":"aziemann@shanahan.com","phone":"+15302971853","birthday":"1949-05-13","gender":"male","address":{"id":1,"street":"124 Cruickshank Pine Suite 753","streetName":"Rosendo Lakes","buildingNumber":"5295","city":"East Elmiraland","zipcode":"20474-6606","country":"Dominican Republic","country_code":"DO","latitude":-1.66944,"longitude":143.478152},"website":"http:\/\/harvey.com","image":"http:\/\/placeimg.com\/640\/480\/people"}},{"id":9,"name":"Heathcote Group","email":"xward@hotmail.com","vat":"0299262832","phone":"+18183395897","country":"Nauru","addresses":[{"id":1,"street":"289 Jermey Shores","streetName":"Kaycee Mountain","buildingNumber":"71781","city":"Faheybury","zipcode":"95949","country":"Bulgaria","country_code":"BG","latitude":18.716626,"longitude":-153.723304}],"website":"http:\/\/howell.biz","image":"http:\/\/placeimg.com\/640\/480\/people","contact":{"id":1,"firstname":"Idella","lastname":"Hand","email":"jacobs.newell@gmail.com","phone":"+12292434711","birthday":"1983-08-09","gender":"female","address":{"id":1,"street":"2973 Yasmeen Way Suite 457","streetName":"Norris Fall","buildingNumber":"89727","city":"Jamalmouth","zipcode":"76174-1628","country":"Kuwait","country_code":"KW","latitude":78.648919,"longitude":-135.770762},"website":"http:\/\/oconner.biz","image":"http:\/\/placeimg.com\/640\/480\/people"}},{"id":10,"name":"Lesch, Senger and Swift","email":"kirlin.giovanni@gmail.com","vat":"55719645642","phone":"+18453242854","country":"Cote d'Ivoire","addresses":[{"id":1,"street":"61718 Rahul Ways Suite 852","streetName":"Robel Corners","buildingNumber":"88505","city":"Florencehaven","zipcode":"42685","country":"C\u00f4te d\u2019Ivoire","country_code":"CI","latitude":29.029844,"longitude":-13.440574},{"id":1,"street":"6649 D'angelo Mews","streetName":"Mose Meadow","buildingNumber":"14894","city":"West Johathan","zipcode":"92972-0479","country":"Lithuania","country_code":"LT","latitude":51.240169,"longitude":123.889512},{"id":1,"street":"852 Lueilwitz Spring","streetName":"Gutkowski Shore","buildingNumber":"331","city":"East Makaylaville","zipcode":"89702-1129","country":"Montserrat","country_code":"MS","latitude":-71.150037,"longitude":-86.196166},{"id":1,"street":"389 Fisher Mountains Suite 941","streetName":"Eva Junction","buildingNumber":"3427","city":"Port Kirstinmouth","zipcode":"16584","country":"Switzerland","country_code":"CH","latitude":54.190038,"longitude":83.359293},{"id":1,"street":"18956 Gleason Branch","streetName":"Tavares Streets","buildingNumber":"239","city":"West Raoul","zipcode":"52156","country":"Niue","country_code":"NU","latitude":40.317175,"longitude":138.359015}],"website":"http:\/\/schuppe.com","image":"http:\/\/placeimg.com\/640\/480\/people","contact":{"id":1,"firstname":"Jamil","lastname":"Kunde","email":"heidenreich.tomasa@towne.com","phone":"+19527060265","birthday":"1954-03-20","gender":"male","address":{"id":1,"street":"2643 Goyette Stream Suite 020","streetName":"Miller Wells","buildingNumber":"69326","city":"Cummeratashire","zipcode":"89234","country":"Gabon","country_code":"GA","latitude":21.901148,"longitude":-171.095166},"website":"http:\/\/beer.com","image":"http:\/\/placeimg.com\/640\/480\/people"}}]}
[PASSED] ID :1
[PASSED] ID :2
[PASSED] ID :3
[PASSED] ID :4
[PASSED] ID :5
[PASSED] ID :6
[PASSED] ID :7
[PASSED] ID :8
[PASSED] ID :9
[PASSED] ID :10
]]></system-out>
  </testcase>
</testsuite>