<?xml version="1.0" encoding="UTF-8"?>
<testsuite xmlns:xsi="http://www.w3.org/2001/XMLSchema-instance" xsi:noNamespaceSchemaLocation="https://maven.apache.org/surefire/maven-surefire-plugin/xsd/surefire-test-report-3.0.xsd" version="3.0" name="TestSuite" time="8.592" tests="4" errors="0" skipped="0" failures="0">
  <properties>
[...]
</properties>
  <testcase name="testCompanyAPIValue1" classname="CompanyAPITest" time="2.311">
    <system-out><![CDATA[{"status":"OK","code":200,"locale":"en_US","seed":null,"total":1,"data":[{"id":1,"name":"Olson Inc","email":"marcos19@yahoo.com","vat":"39699281","phone":"+14199538412","country":"Afghanistan","addresses":[{"id":1,"street":"70833 Queen Islands Suite 209","streetName":"Norwood Shoals","buildingNumber":"6641","city":"South Susanna","zipcode":"69662-6167","country":"Philippines","country_code":"PH","latitude":44.978654,"longitude":-62.330367},{"id":1,"street":"49359 Mohr Knolls Apt. 467","streetName":"Ilene Unions","buildingNumber":"616","city":"Bayermouth","zipcode":"47784-9178","country":"Montenegro","country_code":"ME","latitude":33.534962,"longitude":26.308105},{"id":1,"street":"3307 Langosh Radial Apt. 516","streetName":"Sanford Via","buildingNumber":"7219","city":"North Jon","zipcode":"89558-2250","country":"Mayotte","country_code":"YT","latitude":78.888185,"longitude":-57.155056}],"website":"http:\/\/pollich.com","image":"http:\/\/placeimg.com\/640\/480\/people","contact":{"id":1,"firstname":"Flo","lastname":"Murphy","email":"sberge@abernathy.com","phone":"+12486817568","birthday":"1937-10-11","gender":"female","address":{"id":1,"street":"1601 Maverick Via Apt. 605","streetName":"Stokes Glen","buildingNumber":"95480","city":"Lucasmouth","zipcode":"50451-6744","country":"Azerbaijan","country_code":"AZ","latitude":33.00087,"longitude":-47.283854},"website":"http:\/\/kuhn.com","image":"http:\/\/placeimg.com\/640\/480\/people"}}]}
[PASSED] Qty :1 | Response Qty:1
]]></system-out>
    <system-err><![CDATA[SLF4J: Failed to load class "org.slf4j.impl.StaticLoggerBinder".
SLF4J: Defaulting to no-operation (NOP) logger implementation
SLF4J: See http://www.slf4j.org/codes.html#StaticLoggerBinder for further details.
]]></system-err>
  </testcase>
  <testcase name="testCompanyAPIValue20" classname="CompanyAPITest" time="1.883">
    <system-out><![CDATA[{"status":"OK","code":200,"locale":"en_US","seed":null,"total":20,"data":[{"id":1,"name":"Okuneva Inc","email":"cristopher.veum@dare.com","vat":"3506448695","phone":"+13613244159","country":"Northern Mariana Islands","addresses":[{"id":1,"street":"80143 Haley Court Apt. 504","streetName":"Ralph Prairie","buildingNumber":"48312","city":"Fisherburgh","zipcode":"43470","country":"Tunisia","country_code":"TN","latitude":23.581797,"longitude":169.240594},{"id":1,"street":"9311 Xzavier Squares Suite 477","streetName":"Tracy Path","buildingNumber":"390","city":"Lake Nathanael","zipcode":"29759-3112","country":"Turks & Caicos Islands","country_code":"TC","latitude":-22.850458,"longitude":-50.428141},{"id":1,"street":"519 Swaniawski Views","streetName":"Isobel Cliffs","buildingNumber":"3782","city":"Gretamouth","zipcode":"96162-1535","country":"Solomon Islands","country_code":"SB","latitude":-48.613033,"longitude":-81.082605},{"id":1,"street":"67716 Adelia Island","streetName":"Alex Common","buildingNumber":"5349","city":"Port Fayhaven","zipcode":"24219","country":"Guinea","country_code":"GN","latitude":-67.615031,"longitude":-143.829171}],"website":"http:\/\/lehner.net","image":"http:\/\/placeimg.com\/640\/480\/people","contact":{"id":1,"firstname":"Glen","lastname":"Robel","email":"ccorwin@gmail.com","phone":"+14062891929","birthday":"1961-12-13","gender":"male","address":{"id":1,"street":"270 Leuschke Turnpike","streetName":"Eleanore Creek","buildingNumber":"406","city":"Kendallborough","zipcode":"17136","country":"Equatorial Guinea","country_code":"GQ","latitude":-41.707554,"longitude":99.344683},"website":"http:\/\/grant.com","image":"http:\/\/placeimg.com\/640\/480\/people"}},{"id":2,"name":"Orn, Rath and Bashirian","email":"gracie.altenwerth@walter.info","vat":"38034960743","phone":"+12569770702","country":"United States of America","addresses":[{"id":1,"street":"26562 Kertzmann Ridges Apt. 824","streetName":"Hill Avenue","buildingNumber":"211","city":"North Jarrettville","zipcode":"72083","country":"Grenada","country_code":"GD","latitude":85.952471,"longitude":-21.832761},{"id":1,"street":"7354 Mertz Isle","streetName":"Larkin Ferry","buildingNumber":"535","city":"Lake Heathmouth","zipcode":"85624","country":"Nepal","country_code":"NP","latitude":59.231465,"longitude":137.186031},{"id":1,"street":"66170 Margot Crossroad","streetName":"Jaskolski Mountain","buildingNumber":"537","city":"Aidanville","zipcode":"27953","country":"Uzbekistan","country_code":"UZ","latitude":89.809854,"longitude":174.406913},{"id":1,"street":"670 Raymond Cove Apt. 070","streetName":"Boyer Lodge","buildingNumber":"2849","city":"New Orlando","zipcode":"73549","country":"Bolivia","country_code":"BO","latitude":-43.177629,"longitude":-0.631509},{"id":1,"street":"4899 Carlie Trail","streetName":"Schulist Union","buildingNumber":"59205","city":"Lake Deangelo","zipcode":"55910-7446","country":"Eritrea","country_code":"ER","latitude":0.761406,"longitude":-69.226389}],"website":"http:\/\/schoen.com","image":"http:\/\/placeimg.com\/640\/480\/people","contact":{"id":1,"firstname":"Lamar","lastname":"Bashirian","email":"reyes84@will.org","phone":"+17579875886","birthday":"1987-12-18","gender":"male","address":{"id":1,"street":"85423 Lockman Ports","streetName":"Beatty Camp","buildingNumber":"1403","city":"East Liaside","zipcode":"65785-2139","country":"Yemen","country_code":"YE","latitude":11.870377,"longitude":-90.192405},"website":"http:\/\/baumbach.com","image":"http:\/\/placeimg.com\/640\/480\/people"}},{"id":3,"name":"Stracke LLC","email":"dangelo41@lehner.com","vat":"1258584405","phone":"+19896618017","country":"Benin","addresses":[{"id":1,"street":"345 Nyah Mountain","streetName":"Fidel Circles","buildingNumber":"7286","city":"Alisonton","zipcode":"27941-9956","country":"Northern Mariana Islands","country_code":"MP","latitude":-85.505156,"longitude":-76.401722},{"id":1,"street":"7359 Jacquelyn Falls Suite 230","streetName":"Watson Parks","buildingNumber":"6514","city":"North Meggieport","zipcode":"03516-1637","country":"Caribbean Netherlands","country_code":"BQ","latitude":7.603407,"longitude":-9.542139},{"id":1,"street":"93678 Nikita Junctions Suite 852","streetName":"Hoeger Junctions","buildingNumber":"311","city":"North Camyllefort","zipcode":"98743-7697","country":"U.S. Outlying Islands","country_code":"UM","latitude":50.698413,"longitude":-116.08515},{"id":1,"street":"4889 Reilly Ferry","streetName":"Macy Run","buildingNumber":"9317","city":"East Elena","zipcode":"04919-6910","country":"T\u00fcrkiye","country_code":"TR","latitude":-21.228084,"longitude":-139.064396},{"id":1,"street":"6270 Haley Lakes","streetName":"Ledner Parks","buildingNumber":"912","city":"Balistrerimouth","zipcode":"76054","country":"Lesotho","country_code":"LS","latitude":-43.056379,"longitude":-179.287908}],"website":"http:\/\/russel.com","image":"http:\/\/placeimg.com\/640\/480\/people","contact":{"id":1,"firstname":"Dewayne","lastname":"Bruen","email":"lauren58@hagenes.biz","phone":"+13854083927","birthday":"1966-09-09","gender":"male","address":{"id":1,"street":"23699 Mraz Mountains Apt. 363","streetName":"Krystal Mountains","buildingNumber":"41650","city":"Huelton","zipcode":"95761-8756","country":"Cook Islands","country_code":"CK","latitude":42.397178,"longitude":132.197212},"website":"http:\/\/hudson.com","image":"http:\/\/placeimg.com\/640\/480\/people"}},{"id":4,"name":"Daniel and Sons","email":"trey.strosin@haley.com","vat":"40203369815","phone":"+12839589106","country":"American Samoa","addresses":[{"id":1,"street":"256 Stephanie Ranch Apt. 417","streetName":"Hand Island","buildingNumber":"65042","city":"Troymouth","zipcode":"42062-3960","country":"Moldova","country_code":"MD","latitude":-32.99232,"longitude":-149.438643}],"website":"http:\/\/collins.com","image":"http:\/\/placeimg.com\/640\/480\/people","contact":{"id":1,"firstname":"April","lastname":"Glover","email":"queen.kuphal@jenkins.com","phone":"+12604758943","birthday":"1946-04-18","gender":"female","address":{"id":1,"street":"850 VonRueden Divide Suite 591","streetName":"Colt Estates","buildingNumber":"3419","city":"Lake Georgiannaberg","zipcode":"60425-9814","country":"Mongolia","country_code":"MN","latitude":-61.715415,"longitude":-77.007566},"website":"http:\/\/rolfson.com","image":"http:\/\/placeimg.com\/640\/480\/people"}},{"id":5,"name":"Wunsch-Doyle","email":"marley92@hotmail.com","vat":"550914173","phone":"+19316625876","country":"Taiwan","addresses":[{"id":1,"street":"6176 Gladys Avenue","streetName":"Fay Landing","buildingNumber":"46043","city":"Damianberg","zipcode":"03192-3076","country":"Vietnam","country_code":"VN","latitude":0.627152,"longitude":-109.549853},{"id":1,"street":"875 Madison Lane","streetName":"Vandervort Plain","buildingNumber":"370","city":"West Joyce","zipcode":"15030-3538","country":"Estonia","country_code":"EE","latitude":77.699844,"longitude":105.360594},{"id":1,"street":"9815 Cremin Locks Suite 936","streetName":"Stamm Land","buildingNumber":"76387","city":"South Isaacbury","zipcode":"35969","country":"Equatorial Guinea","country_code":"GQ","latitude":-26.98051,"longitude":35.690958},{"id":1,"street":"11041 Nienow Shore Suite 226","streetName":"Harvey Villages","buildingNumber":"206","city":"Grahambury","zipcode":"87567","country":"Colombia","country_code":"CO","latitude":-51.237879,"longitude":-166.959468}],"website":"http:\/\/wolf.info","image":"http:\/\/placeimg.com\/640\/480\/people","contact":{"id":1,"firstname":"Erika","lastname":"Reichert","email":"jasper.tromp@gmail.com","phone":"+13648137110","birthday":"1946-12-21","gender":"female","address":{"id":1,"street":"88259 Jerry Parks","streetName":"Labadie Viaduct","buildingNumber":"501","city":"Idatown","zipcode":"94251-4421","country":"Tanzania","country_code":"TZ","latitude":-6.788054,"longitude":-74.705677},"website":"http:\/\/krajcik.com","image":"http:\/\/placeimg.com\/640\/480\/people"}},{"id":6,"name":"Fadel, Rice and Funk","email":"ned.wiza@yahoo.com","vat":"973559934","phone":"+18022619777","country":"Monaco","addresses":[{"id":1,"street":"869 Ludwig Port","streetName":"Sean Cove","buildingNumber":"52021","city":"Spencermouth","zipcode":"82977","country":"British Virgin Islands","country_code":"VG","latitude":-46.491665,"longitude":102.593369},{"id":1,"street":"82343 Homenick Islands Suite 309","streetName":"Ernser Burgs","buildingNumber":"28183","city":"Wisozkberg","zipcode":"75305-0672","country":"Rwanda","country_code":"RW","latitude":-53.327431,"longitude":-108.918007},{"id":1,"street":"468 Rempel Ford","streetName":"Dejon Overpass","buildingNumber":"4058","city":"Lake Devyn","zipcode":"13855-0056","country":"Switzerland","country_code":"CH","latitude":44.2692,"longitude":-111.248637},{"id":1,"street":"42603 Funk Junction Apt. 013","streetName":"Vernon Haven","buildingNumber":"76230","city":"New Cortez","zipcode":"10857-1156","country":"Ukraine","country_code":"UA","latitude":-24.883968,"longitude":-77.338613}],"website":"http:\/\/boehm.net","image":"http:\/\/placeimg.com\/640\/480\/people","contact":{"id":1,"firstname":"Jannie","lastname":"Prohaska","email":"vada02@hotmail.com","phone":"+15342277881","birthday":"1961-01-24","gender":"female","address":{"id":1,"street":"53168 Carson Grove Apt. 338","streetName":"Howe Streets","buildingNumber":"18864","city":"Port Marietta","zipcode":"69597-0202","country":"Ireland","country_code":"IE","latitude":42.623799,"longitude":84.813392},"website":"http:\/\/reinger.com","image":"http:\/\/placeimg.com\/640\/480\/people"}},{"id":7,"name":"Quigley, Stroman and Heller","email":"pfeffer.charles@purdy.biz","vat":"6779001751","phone":"+13524042025","country":"Lithuania","addresses":[{"id":1,"street":"8565 Imelda Tunnel Suite 546","streetName":"Tanya Locks","buildingNumber":"9222","city":"Nolanmouth","zipcode":"16006","country":"Bulgaria","country_code":"BG","latitude":-24.082661,"longitude":129.324255},{"id":1,"street":"67443 Schroeder Mall","streetName":"Brenden Hills","buildingNumber":"74044","city":"Dietrichmouth","zipcode":"50506-7309","country":"Belgium","country_code":"BE","latitude":55.753959,"longitude":-166.780546}],"website":"http:\/\/schmitt.com","image":"http:\/\/placeimg.com\/640\/480\/people","contact":{"id":1,"firstname":"Kenyon","lastname":"Metz","email":"cordelia.anderson@hotmail.com","phone":"+16518089974","birthday":"1942-03-12","gender":"male","address":{"id":1,"street":"306 Talia Isle","streetName":"Michaela Mount","buildingNumber":"44772","city":"Krisshire","zipcode":"94462","country":"South Korea","country_code":"KR","latitude":-13.979449,"longitude":80.11071},"website":"http:\/\/haag.com","image":"http:\/\/placeimg.com\/640\/480\/people"}},{"id":8,"name":"Beer Group","email":"ova54@gmail.com","vat":"01581821","phone":"+15098226143","country":"American Samoa","addresses":[{"id":1,"street":"57060 Marvin Squares Suite 798","streetName":"Lucie Motorway","buildingNumber":"99679","city":"Ankundingland","zipcode":"76926","country":"Falkland Islands","country_code":"FK","latitude":-74.472376,"longitude":110.971729}],"website":"http:\/\/cremin.com","image":"http:\/\/placeimg.com\/640\/480\/people","contact":{"id":1,"firstname":"Vivianne","lastname":"Roberts","email":"koss.hiram@gmail.com","phone":"+15864499895","birthday":"2011-03-13","gender":"female","address":{"id":1,"street":"35788 Charlene Tunnel Suite 103","streetName":"Andy Summit","buildingNumber":"97986","city":"West Filibertotown","zipcode":"19316-5974","country":"Myanmar (Burma)","country_code":"MM","latitude":87.533866,"longitude":64.865864},"website":"http:\/\/weissnat.com","image":"http:\/\/placeimg.com\/640\/480\/people"}},{"id":9,"name":"Kilback, Leannon and Robel","email":"zhowell@wiegand.com","vat":"90243751","phone":"+17374304530","country":"Reunion","addresses":[{"id":1,"street":"296 Colleen Village","streetName":"Bradford Radial","buildingNumber":"5242","city":"East Lelamouth","zipcode":"02676-9472","country":"San Marino","country_code":"SM","latitude":-66.185452,"longitude":-145.70358},{"id":1,"street":"182 Konopelski Crest","streetName":"Huel Plaza","buildingNumber":"41294","city":"Beierfurt","zipcode":"76860","country":"Australia","country_code":"AU","latitude":83.319543,"longitude":76.384674},{"id":1,"street":"9151 Moriah Mission Suite 316","streetName":"Boehm Pass","buildingNumber":"99022","city":"Adamsville","zipcode":"90000","country":"Burundi","country_code":"BI","latitude":12.206,"longitude":-21.08742},{"id":1,"street":"2032 Funk Via Apt. 618","streetName":"Etha Garden","buildingNumber":"12641","city":"Ryanbury","zipcode":"33237","country":"Paraguay","country_code":"PY","latitude":36.910028,"longitude":-106.00108},{"id":1,"street":"9272 Joyce Bridge Suite 737","streetName":"Bartell Pine","buildingNumber":"4281","city":"Loyalstad","zipcode":"05369-5310","country":"Jersey","country_code":"JE","latitude":35.21114,"longitude":-108.541574}],"website":"http:\/\/waters.biz","image":"http:\/\/placeimg.com\/640\/480\/people","contact":{"id":1,"firstname":"Leon","lastname":"Effertz","email":"bbartoletti@bailey.org","phone":"+15207511153","birthday":"1940-08-19","gender":"male","address":{"id":1,"street":"49883 Reynolds Plaza Suite 080","streetName":"Reilly Spur","buildingNumber":"94552","city":"Sheatown","zipcode":"01958","country":"Lebanon","country_code":"LB","latitude":-84.114684,"longitude":-154.639877},"website":"http:\/\/kertzmann.com","image":"http:\/\/placeimg.com\/640\/480\/people"}},{"id":10,"name":"Hoeger, Fritsch and Parker","email":"kaci.harris@gmail.com","vat":"16775612","phone":"+15203942717","country":"Isle of Man","addresses":[{"id":1,"street":"6440 Wilderman Keys","streetName":"Lester Hill","buildingNumber":"521","city":"South Tillmanmouth","zipcode":"68385","country":"Madagascar","country_code":"MG","latitude":71.69809,"longitude":-165.464982},{"id":1,"street":"5119 Von Manors","streetName":"Bosco Fords","buildingNumber":"145","city":"South Edwardoton","zipcode":"42703","country":"Honduras","country_code":"HN","latitude":79.710216,"longitude":-144.914989},{"id":1,"street":"8411 Sawayn Lakes","streetName":"Adaline Parks","buildingNumber":"833","city":"New Carson","zipcode":"84929-3875","country":"Gabon","country_code":"GA","latitude":7.299205,"longitude":-121.896407},{"id":1,"street":"7113 Raphael Knoll Suite 756","streetName":"Jacobi Centers","buildingNumber":"751","city":"Andersonville","zipcode":"32696-8603","country":"Netherlands","country_code":"NL","latitude":62.170824,"longitude":41.778133},{"id":1,"street":"53386 Khalil Island Suite 883","streetName":"Timothy Station","buildingNumber":"415","city":"Lake Maymie","zipcode":"63225","country":"Ukraine","country_code":"UA","latitude":69.130029,"longitude":-5.350273}],"website":"http:\/\/miller.biz","image":"http:\/\/placeimg.com\/640\/480\/people","contact":{"id":1,"firstname":"Annabelle","lastname":"Littel","email":"earmstrong@homenick.com","phone":"+18458690940","birthday":"1970-11-02","gender":"female","address":{"id":1,"street":"4068 Annabell Plain","streetName":"Ortiz Turnpike","buildingNumber":"5637","city":"Ronaldobury","zipcode":"49338","country":"Qatar","country_code":"QA","latitude":24.550738,"longitude":-117.305612},"website":"http:\/\/ziemann.biz","image":"http:\/\/placeimg.com\/640\/480\/people"}},{"id":11,"name":"Moen, Bashirian and Leannon","email":"kaci.mertz@ruecker.com","vat":"75571344648","phone":"+18568059323","country":"Bouvet Island (Bouvetoya)","addresses":[{"id":1,"street":"216 Blanda Groves Suite 189","streetName":"Kyleigh Drive","buildingNumber":"136","city":"Murphyborough","zipcode":"78584","country":"Switzerland","country_code":"CH","latitude":-59.222763,"longitude":-140.666768},{"id":1,"street":"67244 Brandt Shoal Suite 356","streetName":"Prohaska Station","buildingNumber":"172","city":"South Antoneton","zipcode":"99217-4715","country":"St. Vincent & Grenadines","country_code":"VC","latitude":-81.860309,"longitude":139.030074}],"website":"http:\/\/hill.net","image":"http:\/\/placeimg.com\/640\/480\/people","contact":{"id":1,"firstname":"Roel","lastname":"Thiel","email":"bokeefe@yahoo.com","phone":"+16786906512","birthday":"1987-11-07","gender":"male","address":{"id":1,"street":"362 Carolyn Drives Suite 783","streetName":"Fahey Fort","buildingNumber":"634","city":"Lindport","zipcode":"96058","country":"Togo","country_code":"TG","latitude":-81.052452,"longitude":44.525052},"website":"http:\/\/kautzer.com","image":"http:\/\/placeimg.com\/640\/480\/people"}},{"id":12,"name":"Wintheiser, Towne and Kuhic","email":"klocko.adelle@yahoo.com","vat":"620220364","phone":"+16782009540","country":"Mauritius","addresses":[{"id":1,"street":"86828 Waters Ranch Apt. 430","streetName":"Padberg Mountains","buildingNumber":"705","city":"Gottliebhaven","zipcode":"44219","country":"Myanmar (Burma)","country_code":"MM","latitude":43.889427,"longitude":-78.769291}],"website":"http:\/\/braun.com","image":"http:\/\/placeimg.com\/640\/480\/people","contact":{"id":1,"firstname":"Brain","lastname":"Sawayn","email":"mkulas@hotmail.com","phone":"+18728384730","birthday":"1945-11-06","gender":"male","address":{"id":1,"street":"8070 Andrew Pass Apt. 937","streetName":"Ava Forge","buildingNumber":"157","city":"West Judsonshire","zipcode":"34575","country":"China","country_code":"CN","latitude":60.989748,"longitude":-176.788117},"website":"http:\/\/swift.com","image":"http:\/\/placeimg.com\/640\/480\/people"}},{"id":13,"name":"Schiller, Bergstrom and Mohr","email":"laurianne.collins@dicki.com","vat":"54311699","phone":"+15735051143","country":"Palestinian Territories","addresses":[{"id":1,"street":"71117 Johnson Common Apt. 669","streetName":"Christop Springs","buildingNumber":"444","city":"Wavaside","zipcode":"72450-0721","country":"Oman","country_code":"OM","latitude":22.478557,"longitude":-36.454122},{"id":1,"street":"52948 Dedric Heights Apt. 847","streetName":"Lucy Crossing","buildingNumber":"61900","city":"Schummmouth","zipcode":"09900","country":"St. Martin","country_code":"MF","latitude":0.771718,"longitude":129.93508}],"website":"http:\/\/ward.info","image":"http:\/\/placeimg.com\/640\/480\/people","contact":{"id":1,"firstname":"Shayne","lastname":"Friesen","email":"aniya.murray@gmail.com","phone":"+19045047675","birthday":"1957-10-30","gender":"male","address":{"id":1,"street":"146 Bins Point","streetName":"Mariam Wells","buildingNumber":"55932","city":"West Laylaberg","zipcode":"48841-3836","country":"Algeria","country_code":"DZ","latitude":10.154924,"longitude":7.343606},"website":"http:\/\/ledner.biz","image":"http:\/\/placeimg.com\/640\/480\/people"}},{"id":14,"name":"Dooley-Graham","email":"alayna96@yahoo.com","vat":"76421257490","phone":"+16784802172","country":"Guinea","addresses":[{"id":1,"street":"7341 Prohaska Corners Suite 870","streetName":"Wiegand Mission","buildingNumber":"85478","city":"Hartmannburgh","zipcode":"95597-7897","country":"Svalbard & Jan Mayen","country_code":"SJ","latitude":31.273714,"longitude":-146.967793}],"website":"http:\/\/will.com","image":"http:\/\/placeimg.com\/640\/480\/people","contact":{"id":1,"firstname":"Jennie","lastname":"Senger","email":"graham.gutkowski@haley.com","phone":"+18164304052","birthday":"2008-02-29","gender":"female","address":{"id":1,"street":"842 Abbott Junctions","streetName":"Vandervort Glen","buildingNumber":"477","city":"New Bonita","zipcode":"29351-1455","country":"Tuvalu","country_code":"TV","latitude":-52.408543,"longitude":-49.477372},"website":"http:\/\/schmitt.com","image":"http:\/\/placeimg.com\/640\/480\/people"}},{"id":15,"name":"Jakubowski-Kessler","email":"tiffany.mcclure@mueller.org","vat":"3391582166","phone":"+19062571241","country":"Christmas Island","addresses":[{"id":1,"street":"80337 Alford Point Apt. 680","streetName":"Gleason Station","buildingNumber":"92093","city":"North Mauricio","zipcode":"61926","country":"Anguilla","country_code":"AI","latitude":16.535715,"longitude":-41.102789},{"id":1,"street":"5651 Feeney Mews","streetName":"Payton Hill","buildingNumber":"38354","city":"Bradchester","zipcode":"38363-6231","country":"Malta","country_code":"MT","latitude":-0.584201,"longitude":-147.609838},{"id":1,"street":"4613 Effertz Village Suite 601","streetName":"Franecki Garden","buildingNumber":"4285","city":"Hodkiewiczstad","zipcode":"51499-2221","country":"United States","country_code":"US","latitude":33.760329,"longitude":115.826602},{"id":1,"street":"433 Devan Square","streetName":"Reinger Village","buildingNumber":"722","city":"Brettown","zipcode":"34715-8120","country":"Slovakia","country_code":"SK","latitude":-45.651924,"longitude":90.646342},{"id":1,"street":"4272 Nader River Apt. 594","streetName":"Marlene Landing","buildingNumber":"6762","city":"Kemmerland","zipcode":"10590","country":"Japan","country_code":"JP","latitude":56.60224,"longitude":-143.269841}],"website":"http:\/\/jakubowski.com","image":"http:\/\/placeimg.com\/640\/480\/people","contact":{"id":1,"firstname":"Rafaela","lastname":"Hammes","email":"bryce78@yahoo.com","phone":"+12518368939","birthday":"1971-11-27","gender":"female","address":{"id":1,"street":"1127 Prosacco Drives Apt. 550","streetName":"Demario Points","buildingNumber":"5247","city":"Lavernaville","zipcode":"94672","country":"Bermuda","country_code":"BM","latitude":29.537268,"longitude":103.461023},"website":"http:\/\/heaney.org","image":"http:\/\/placeimg.com\/640\/480\/people"}},{"id":16,"name":"Reilly, Konopelski and Herzog","email":"osborne38@hotmail.com","vat":"3973570305","phone":"+14249167055","country":"Svalbard & Jan Mayen Islands","addresses":[{"id":1,"street":"873 Jarrett Plains","streetName":"Barry Crest","buildingNumber":"891","city":"South Russberg","zipcode":"75176","country":"Latvia","country_code":"LV","latitude":12.724189,"longitude":-8.901668}],"website":"http:\/\/russel.biz","image":"http:\/\/placeimg.com\/640\/480\/people","contact":{"id":1,"firstname":"Electa","lastname":"Abshire","email":"ystiedemann@hotmail.com","phone":"+19493882132","birthday":"2023-07-15","gender":"female","address":{"id":1,"street":"36357 Heidenreich Ferry Suite 269","streetName":"Micah Summit","buildingNumber":"6014","city":"Blandafurt","zipcode":"35431","country":"Costa Rica","country_code":"CR","latitude":0.654851,"longitude":-39.274921},"website":"http:\/\/turner.com","image":"http:\/\/placeimg.com\/640\/480\/people"}},{"id":17,"name":"Miller Ltd","email":"alicia.rippin@bahringer.info","vat":"13534194","phone":"+18122407113","country":"Bhutan","addresses":[{"id":1,"street":"894 Schoen Manors Suite 711","streetName":"Sydnie Ridge","buildingNumber":"334","city":"Ernserberg","zipcode":"58314-9038","country":"Peru","country_code":"PE","latitude":83.555739,"longitude":-113.712156}],"website":"http:\/\/schulist.com","image":"http:\/\/placeimg.com\/640\/480\/people","contact":{"id":1,"firstname":"Brooks","lastname":"Emmerich","email":"juliana.wolf@labadie.com","phone":"+19019009258","birthday":"2023-08-29","gender":"male","address":{"id":1,"street":"6445 Maynard Creek","streetName":"Yasmeen Groves","buildingNumber":"97320","city":"Angelineburgh","zipcode":"85150-2031","country":"Iceland","country_code":"IS","latitude":-73.465266,"longitude":-160.227436},"website":"http:\/\/considine.com","image":"http:\/\/placeimg.com\/640\/480\/people"}},{"id":18,"name":"Crooks Group","email":"tquitzon@yahoo.com","vat":"31255879505","phone":"+14134785458","country":"Armenia","addresses":[{"id":1,"street":"917 Farrell Coves Apt. 476","streetName":"Anderson Way","buildingNumber":"616","city":"East Carleton","zipcode":"39090","country":"Vietnam","country_code":"VN","latitude":-57.589525,"longitude":-46.490963}],"website":"http:\/\/stracke.com","image":"http:\/\/placeimg.com\/640\/480\/people","contact":{"id":1,"firstname":"Kelley","lastname":"Goldner","email":"neil.jast@swaniawski.com","phone":"+12408383046","birthday":"1975-12-04","gender":"male","address":{"id":1,"street":"22846 Norris Hills Suite 472","streetName":"Hosea Pines","buildingNumber":"39031","city":"East Claudville","zipcode":"57614","country":"Central African Republic","country_code":"CF","latitude":68.921847,"longitude":-82.746225},"website":"http:\/\/yundt.com","image":"http:\/\/placeimg.com\/640\/480\/people"}},{"id":19,"name":"O'Conner PLC","email":"ajohnson@gmail.com","vat":"102660964","phone":"+12026829215","country":"South Africa","addresses":[{"id":1,"street":"5274 Laurianne Garden","streetName":"Stanton Summit","buildingNumber":"895","city":"North Krystelville","zipcode":"60066-9097","country":"Austria","country_code":"AT","latitude":-70.356602,"longitude":-175.768408},{"id":1,"street":"423 Rory Isle Suite 792","streetName":"King Divide","buildingNumber":"32516","city":"South Angelashire","zipcode":"11245-8403","country":"Christmas Island","country_code":"CX","latitude":-11.652882,"longitude":8.899687},{"id":1,"street":"10839 Matt Field Apt. 123","streetName":"Ferry Prairie","buildingNumber":"981","city":"West Maximo","zipcode":"50033","country":"\u00c5land Islands","country_code":"AX","latitude":19.298612,"longitude":143.475656},{"id":1,"street":"1905 Kunze Knoll","streetName":"Schinner Stravenue","buildingNumber":"532","city":"Herminastad","zipcode":"84919","country":"Cambodia","country_code":"KH","latitude":71.103393,"longitude":152.069464}],"website":"http:\/\/thiel.net","image":"http:\/\/placeimg.com\/640\/480\/people","contact":{"id":1,"firstname":"Zola","lastname":"Weber","email":"doyle.edmund@yahoo.com","phone":"+15619541234","birthday":"1991-04-21","gender":"female","address":{"id":1,"street":"91288 Noemy Brook Apt. 832","streetName":"Alvina Mountain","buildingNumber":"432","city":"New Ibrahim","zipcode":"46887","country":"Caribbean Netherlands","country_code":"BQ","latitude":-71.67161,"longitude":10.76743},"website":"http:\/\/blanda.org","image":"http:\/\/placeimg.com\/640\/480\/people"}},{"id":20,"name":"Ortiz, Hoeger and Hegmann","email":"ed61@hotmail.com","vat":"94506460032","phone":"+12729267260","country":"Oman","addresses":[{"id":1,"street":"1500 Jacinthe Motorway Apt. 598","streetName":"Doyle Forest","buildingNumber":"162","city":"South Gregoryview","zipcode":"91506","country":"Liberia","country_code":"LR","latitude":3.817299,"longitude":-23.746758},{"id":1,"street":"390 Milan Path","streetName":"McDermott Isle","buildingNumber":"754","city":"West Alexandrineton","zipcode":"89729-0692","country":"Iceland","country_code":"IS","latitude":46.340171,"longitude":63.956917},{"id":1,"street":"2858 Koelpin Walks Suite 701","streetName":"Aida Curve","buildingNumber":"5232","city":"West Romaville","zipcode":"89635","country":"Nepal","country_code":"NP","latitude":-65.592525,"longitude":2.501022},{"id":1,"street":"354 Braun Street Suite 095","streetName":"Katherine Junction","buildingNumber":"65833","city":"West Judsonfurt","zipcode":"43506","country":"St. Lucia","country_code":"LC","latitude":-79.234446,"longitude":-93.610423},{"id":1,"street":"708 Labadie Square Apt. 086","streetName":"Bosco Loop","buildingNumber":"86172","city":"North Reinholdhaven","zipcode":"74738-2102","country":"Djibouti","country_code":"DJ","latitude":-56.767283,"longitude":-105.399655}],"website":"http:\/\/hintz.info","image":"http:\/\/placeimg.com\/640\/480\/people","contact":{"id":1,"firstname":"Roberta","lastname":"Cruickshank","email":"kellen73@gmail.com","phone":"+12312902639","birthday":"1994-08-15","gender":"female","address":{"id":1,"street":"88266 Catalina Lodge","streetName":"Brown Divide","buildingNumber":"13966","city":"Bogisichmouth","zipcode":"36557","country":"Turks & Caicos Islands","country_code":"TC","latitude":-35.465585,"longitude":54.794747},"website":"http:\/\/wilderman.com","image":"http:\/\/placeimg.com\/640\/480\/people"}}]}
[PASSED] Qty :20 | Response Qty:20
]]></system-out>
  </testcase>
  <testcase name="testCompanyAPIValue5" classname="CompanyAPITest" time="1.853">
    <system-out><![CDATA[{"status":"OK","code":200,"locale":"en_US","seed":null,"total":5,"data":[{"id":1,"name":"Erdman-Bergstrom","email":"oconnell.jedediah@gmail.com","vat":"844583194","phone":"+19064994610","country":"Malta","addresses":[{"id":1,"street":"59081 Alberta Mission Suite 076","streetName":"Sid Burg","buildingNumber":"125","city":"Annemouth","zipcode":"23815","country":"Iraq","country_code":"IQ","latitude":-87.869994,"longitude":147.345133}],"website":"http:\/\/quitzon.net","image":"http:\/\/placeimg.com\/640\/480\/people","contact":{"id":1,"firstname":"Isaias","lastname":"Bergstrom","email":"denis.wyman@donnelly.org","phone":"+18788616635","birthday":"1995-01-26","gender":"male","address":{"id":1,"street":"8461 Brenna Burg Suite 567","streetName":"Lueilwitz Squares","buildingNumber":"431","city":"New Hesterstad","zipcode":"42524","country":"Barbados","country_code":"BB","latitude":35.791674,"longitude":-102.267419},"website":"http:\/\/waters.com","image":"http:\/\/placeimg.com\/640\/480\/people"}},{"id":2,"name":"Jacobson, Heller and Bartell","email":"deontae85@von.org","vat":"586374764","phone":"+19368029037","country":"Jamaica","addresses":[{"id":1,"street":"148 Murphy Ridge Apt. 672","streetName":"Sebastian Pike","buildingNumber":"30305","city":"New Emmet","zipcode":"67876","country":"Zimbabwe","country_code":"ZW","latitude":-37.19054,"longitude":-53.532635}],"website":"http:\/\/simonis.com","image":"http:\/\/placeimg.com\/640\/480\/people","contact":{"id":1,"firstname":"Ashton","lastname":"Konopelski","email":"baumbach.alexane@gmail.com","phone":"+14586420856","birthday":"1956-09-22","gender":"male","address":{"id":1,"street":"22906 Larkin Neck Suite 625","streetName":"Scarlett Port","buildingNumber":"262","city":"Schmidttown","zipcode":"63718","country":"Tanzania","country_code":"TZ","latitude":-43.095698,"longitude":-134.132706},"website":"http:\/\/lakin.net","image":"http:\/\/placeimg.com\/640\/480\/people"}},{"id":3,"name":"Schroeder-Ruecker","email":"treutel.brando@marvin.com","vat":"7382506467","phone":"+17178376819","country":"Canada","addresses":[{"id":1,"street":"96874 Ward Plains Apt. 661","streetName":"Schuppe Bridge","buildingNumber":"19177","city":"Derickfort","zipcode":"85170","country":"Faroe Islands","country_code":"FO","latitude":-56.773361,"longitude":-144.840233},{"id":1,"street":"16702 Assunta Crescent","streetName":"Itzel Causeway","buildingNumber":"11203","city":"Lake Althea","zipcode":"70944","country":"Solomon Islands","country_code":"SB","latitude":-81.57829,"longitude":65.811958}],"website":"http:\/\/okon.com","image":"http:\/\/placeimg.com\/640\/480\/people","contact":{"id":1,"firstname":"Juliana","lastname":"Bins","email":"ngreen@gmail.com","phone":"+12407225417","birthday":"1950-10-09","gender":"female","address":{"id":1,"street":"83454 Dominique Crest Apt. 932","streetName":"Koepp Canyon","buildingNumber":"1512","city":"Thielfort","zipcode":"85250","country":"U.S. Virgin Islands","country_code":"VI","latitude":-8.892275,"longitude":-155.477573},"website":"http:\/\/damore.net","image":"http:\/\/placeimg.com\/640\/480\/people"}},{"id":4,"name":"Schultz-Kuhic","email":"ibins@gmail.com","vat":"55185128669","phone":"+19732827635","country":"Sierra Leone","addresses":[{"id":1,"street":"98672 Gulgowski Squares","streetName":"Rickey Spurs","buildingNumber":"994","city":"Romagueraville","zipcode":"34747-0865","country":"Senegal","country_code":"SN","latitude":-34.154554,"longitude":27.767602}],"website":"http:\/\/orn.net","image":"http:\/\/placeimg.com\/640\/480\/people","contact":{"id":1,"firstname":"Akeem","lastname":"Stracke","email":"edibbert@toy.org","phone":"+16465062414","birthday":"2001-11-02","gender":"male","address":{"id":1,"street":"761 Spencer Run","streetName":"Braun Lights","buildingNumber":"7705","city":"West Tierrafurt","zipcode":"10344","country":"Lithuania","country_code":"LT","latitude":36.337735,"longitude":-27.154787},"website":"http:\/\/dooley.com","image":"http:\/\/placeimg.com\/640\/480\/people"}},{"id":5,"name":"Mann-Eichmann","email":"elva.zulauf@hansen.com","vat":"70783089","phone":"+18542664823","country":"Sweden","addresses":[{"id":1,"street":"351 King Ridges","streetName":"Harry Burg","buildingNumber":"95966","city":"North Gunnerfort","zipcode":"86102-4485","country":"Libya","country_code":"LY","latitude":82.942208,"longitude":30.699558},{"id":1,"street":"672 Kadin Lakes","streetName":"Runte Islands","buildingNumber":"1926","city":"West Lessiehaven","zipcode":"48169-9076","country":"Israel","country_code":"IL","latitude":-60.226244,"longitude":-55.732782},{"id":1,"street":"4286 Wisoky Throughway Apt. 536","streetName":"Harley Corners","buildingNumber":"462","city":"Lake Deltafurt","zipcode":"13149-2157","country":"Pakistan","country_code":"PK","latitude":38.773859,"longitude":99.177544},{"id":1,"street":"378 Etha Corner","streetName":"London Causeway","buildingNumber":"846","city":"Adrienton","zipcode":"45115","country":"Faroe Islands","country_code":"FO","latitude":-71.105781,"longitude":78.162187}],"website":"http:\/\/howe.com","image":"http:\/\/placeimg.com\/640\/480\/people","contact":{"id":1,"firstname":"Gretchen","lastname":"Ankunding","email":"idamore@hotmail.com","phone":"+13042891545","birthday":"1967-08-19","gender":"female","address":{"id":1,"street":"553 Marcelo Shoals Suite 305","streetName":"Ebert Oval","buildingNumber":"499","city":"Hammeston","zipcode":"94535-3028","country":"Gibraltar","country_code":"GI","latitude":2.22996,"longitude":160.45995},"website":"http:\/\/corkery.com","image":"http:\/\/placeimg.com\/640\/480\/people"}}]}
[PASSED] Qty :5 | Response Qty:5
]]></system-out>
  </testcase>
  <testcase name="testCompanyID" classname="CompanyAPITest" time="2.116">
    <system-out><![CDATA[{"status":"OK","code":200,"locale":"en_US","seed":null,"total":10,"data":[{"id":1,"name":"Hilpert, Schumm and Lebsack","email":"abernathy.vaughn@hotmail.com","vat":"94490536","phone":"+14803388230","country":"Madagascar","addresses":[{"id":1,"street":"5565 Barrows Island","streetName":"Monahan Fields","buildingNumber":"50948","city":"Athenaburgh","zipcode":"74902","country":"United States","country_code":"US","latitude":56.479506,"longitude":-165.464588},{"id":1,"street":"6627 Shields Glens","streetName":"Bradley Shoals","buildingNumber":"2052","city":"Treutelton","zipcode":"00800","country":"British Virgin Islands","country_code":"VG","latitude":9.774673,"longitude":54.396561},{"id":1,"street":"86842 Maxine Greens","streetName":"Lowe Light","buildingNumber":"19947","city":"East Daytonport","zipcode":"15889","country":"Grenada","country_code":"GD","latitude":-27.972601,"longitude":-6.023641},{"id":1,"street":"9698 Wiza Rapid Suite 250","streetName":"Kareem Junction","buildingNumber":"97177","city":"Halleton","zipcode":"14989","country":"Comoros","country_code":"KM","latitude":-50.322995,"longitude":139.583761},{"id":1,"street":"83200 Boyer Flat Suite 759","streetName":"Rowe Walk","buildingNumber":"893","city":"East Staceyshire","zipcode":"69843-2849","country":"Slovakia","country_code":"SK","latitude":-54.36971,"longitude":-23.129085}],"website":"http:\/\/zulauf.info","image":"http:\/\/placeimg.com\/640\/480\/people","contact":{"id":1,"firstname":"Alford","lastname":"Turcotte","email":"twill@hotmail.com","phone":"+17606556696","birthday":"2005-12-10","gender":"male","address":{"id":1,"street":"269 Wiegand Stream Suite 748","streetName":"Vickie Station","buildingNumber":"871","city":"South Lindsaychester","zipcode":"03221-8077","country":"Bahamas","country_code":"BS","latitude":50.838951,"longitude":39.840726},"website":"http:\/\/breitenberg.net","image":"http:\/\/placeimg.com\/640\/480\/people"}},{"id":2,"name":"Haley, Larkin and Harvey","email":"nicholaus.wunsch@gislason.biz","vat":"04427676","phone":"+15036146541","country":"Bosnia and Herzegovina","addresses":[{"id":1,"street":"70606 Florine Wall Suite 256","streetName":"Noel Vista","buildingNumber":"768","city":"Walshbury","zipcode":"30025-9533","country":"Romania","country_code":"RO","latitude":28.707751,"longitude":-128.179844},{"id":1,"street":"196 Freeda Walks Apt. 163","streetName":"Juliana Loop","buildingNumber":"4330","city":"Brownland","zipcode":"39422-8584","country":"Timor-Leste","country_code":"TL","latitude":82.960087,"longitude":-149.24804},{"id":1,"street":"8974 Dare Rue","streetName":"Bergnaum Summit","buildingNumber":"562","city":"South Tyrell","zipcode":"78104-7319","country":"New Zealand","country_code":"NZ","latitude":39.29389,"longitude":-128.850083},{"id":1,"street":"20195 Hamill Pass Suite 840","streetName":"Metz Ports","buildingNumber":"5588","city":"Efraintown","zipcode":"63659","country":"Bolivia","country_code":"BO","latitude":53.579682,"longitude":164.589963},{"id":1,"street":"50504 Jacklyn Ville Suite 354","streetName":"Boehm Oval","buildingNumber":"69709","city":"Port Seamusside","zipcode":"02889-1932","country":"Singapore","country_code":"SG","latitude":-29.974999,"longitude":163.019853}],"website":"http:\/\/price.net","image":"http:\/\/placeimg.com\/640\/480\/people","contact":{"id":1,"firstname":"Summer","lastname":"Feeney","email":"sigurd.ankunding@hotmail.com","phone":"+12077305101","birthday":"2007-11-20","gender":"female","address":{"id":1,"street":"309 Hermiston Tunnel","streetName":"Auer Brook","buildingNumber":"909","city":"Laronmouth","zipcode":"28422-4548","country":"Vietnam","country_code":"VN","latitude":1.1085,"longitude":-136.056694},"website":"http:\/\/schoen.com","image":"http:\/\/placeimg.com\/640\/480\/people"}},{"id":3,"name":"Schaefer, Jacobi and Corkery","email":"denesik.shemar@boehm.com","vat":"11948082507","phone":"+16298810892","country":"Tajikistan","addresses":[{"id":1,"street":"4030 Wehner Port Suite 171","streetName":"Mayert Circle","buildingNumber":"5859","city":"Altenwerthfort","zipcode":"85450","country":"Egypt","country_code":"EG","latitude":-37.061267,"longitude":94.594825},{"id":1,"street":"77590 Syble Turnpike Suite 533","streetName":"Samir Mission","buildingNumber":"847","city":"Port Christinatown","zipcode":"10242","country":"U.S. Virgin Islands","country_code":"VI","latitude":-54.607404,"longitude":156.39649}],"website":"http:\/\/emard.com","image":"http:\/\/placeimg.com\/640\/480\/people","contact":{"id":1,"firstname":"Daphne","lastname":"Schmitt","email":"jordane.krajcik@yahoo.com","phone":"+15348317106","birthday":"1989-05-18","gender":"female","address":{"id":1,"street":"97822 Felipe Course Suite 030","streetName":"Lesch Forks","buildingNumber":"179","city":"Wittingborough","zipcode":"65463","country":"Sri Lanka","country_code":"LK","latitude":5.724215,"longitude":137.318455},"website":"http:\/\/gottlieb.com","image":"http:\/\/placeimg.com\/640\/480\/people"}},{"id":4,"name":"Ratke-Klein","email":"hamill.opal@hotmail.com","vat":"23434983","phone":"+14846144379","country":"Dominica","addresses":[{"id":1,"street":"3987 Joanie Cliffs Suite 887","streetName":"Effertz Greens","buildingNumber":"2745","city":"East Deontestad","zipcode":"23506-9373","country":"New Caledonia","country_code":"NC","latitude":-32.958532,"longitude":13.02899},{"id":1,"street":"3418 Franecki Branch Suite 073","streetName":"Verda Isle","buildingNumber":"8637","city":"New Jeanne","zipcode":"07929-9144","country":"Cook Islands","country_code":"CK","latitude":67.253274,"longitude":-33.962238},{"id":1,"street":"269 King Fords","streetName":"Gutkowski Vista","buildingNumber":"85388","city":"New Ilianaton","zipcode":"19466","country":"Austria","country_code":"AT","latitude":-33.03253,"longitude":-59.468898}],"website":"http:\/\/hodkiewicz.net","image":"http:\/\/placeimg.com\/640\/480\/people","contact":{"id":1,"firstname":"Marietta","lastname":"Reynolds","email":"jast.odie@hotmail.com","phone":"+18653947549","birthday":"1985-11-26","gender":"female","address":{"id":1,"street":"47522 Huel Street","streetName":"Littel Extension","buildingNumber":"74893","city":"South Delmer","zipcode":"48003","country":"Brunei","country_code":"BN","latitude":-55.578283,"longitude":-94.742178},"website":"http:\/\/murphy.com","image":"http:\/\/placeimg.com\/640\/480\/people"}},{"id":5,"name":"Conn PLC","email":"kayleigh39@gmail.com","vat":"215538045","phone":"+18162861741","country":"Azerbaijan","addresses":[{"id":1,"street":"659 O'Reilly Square Suite 658","streetName":"Pietro Island","buildingNumber":"33308","city":"Mylesburgh","zipcode":"33433-7518","country":"Senegal","country_code":"SN","latitude":82.029123,"longitude":40.623941},{"id":1,"street":"4985 Cordelia Orchard Suite 615","streetName":"Lemke Ridges","buildingNumber":"4176","city":"New Filomenachester","zipcode":"84497-3859","country":"R\u00e9union","country_code":"RE","latitude":50.218679,"longitude":68.66497}],"website":"http:\/\/emard.biz","image":"http:\/\/placeimg.com\/640\/480\/people","contact":{"id":1,"firstname":"Fritz","lastname":"Prohaska","email":"lynch.kristofer@hotmail.com","phone":"+12839169109","birthday":"1958-04-23","gender":"male","address":{"id":1,"street":"24622 Zella Dale","streetName":"Quincy Ports","buildingNumber":"817","city":"East Oletaview","zipcode":"24260","country":"Vatican City","country_code":"VA","latitude":24.768751,"longitude":-62.597141},"website":"http:\/\/purdy.com","image":"http:\/\/placeimg.com\/640\/480\/people"}},{"id":6,"name":"Towne Group","email":"qbeer@yahoo.com","vat":"45688073316","phone":"+13398864045","country":"Jordan","addresses":[{"id":1,"street":"39256 Annabelle Springs","streetName":"Erdman Prairie","buildingNumber":"2556","city":"New Erik","zipcode":"60437","country":"Sierra Leone","country_code":"SL","latitude":-79.535688,"longitude":-6.857549},{"id":1,"street":"8858 Arnold Spurs","streetName":"Dale Tunnel","buildingNumber":"640","city":"Hahnburgh","zipcode":"48087-0180","country":"Somalia","country_code":"SO","latitude":17.273917,"longitude":-107.8987}],"website":"http:\/\/olson.org","image":"http:\/\/placeimg.com\/640\/480\/people","contact":{"id":1,"firstname":"Arne","lastname":"Hermiston","email":"lauriane63@boyer.com","phone":"+15404227939","birthday":"1999-01-20","gender":"male","address":{"id":1,"street":"620 Wolff Brook","streetName":"Myra Extensions","buildingNumber":"46855","city":"West Myrtie","zipcode":"87253-6061","country":"St. Lucia","country_code":"LC","latitude":63.458072,"longitude":-9.699072},"website":"http:\/\/kuhn.com","image":"http:\/\/placeimg.com\/640\/480\/people"}},{"id":7,"name":"Schumm-Brown","email":"myrtice.gaylord@yahoo.com","vat":"5935478910","phone":"+14235654923","country":"Bahamas","addresses":[{"id":1,"street":"8114 Murazik Ville","streetName":"Hartmann Springs","buildingNumber":"159","city":"New Kaya","zipcode":"51186","country":"Jersey","country_code":"JE","latitude":89.346634,"longitude":39.882111}],"website":"http:\/\/hand.com","image":"http:\/\/placeimg.com\/640\/480\/people","contact":{"id":1,"firstname":"Haleigh","lastname":"Kutch","email":"roxane61@daniel.com","phone":"+14844280092","birthday":"1968-05-05","gender":"male","address":{"id":1,"street":"75296 Loyce Street Apt. 013","streetName":"Hegmann Roads","buildingNumber":"723","city":"Wilkinsonborough","zipcode":"55751-0213","country":"Timor-Leste","country_code":"TL","latitude":4.725747,"longitude":168.9488},"website":"http:\/\/von.biz","image":"http:\/\/placeimg.com\/640\/480\/people"}},{"id":8,"name":"Simonis-Feeney","email":"veum.brody@donnelly.com","vat":"375409897","phone":"+17164930877","country":"Egypt","addresses":[{"id":1,"street":"999 Myrtice Green","streetName":"Maggio Rapids","buildingNumber":"6757","city":"Port Toney","zipcode":"54165","country":"Malta","country_code":"MT","latitude":79.050565,"longitude":-18.344924},{"id":1,"street":"45233 Watsica Lights Apt. 649","streetName":"Garrick Ville","buildingNumber":"146","city":"Lake Luisa","zipcode":"99230","country":"Montenegro","country_code":"ME","latitude":-3.436375,"longitude":145.149127}],"website":"http:\/\/wolf.com","image":"http:\/\/placeimg.com\/640\/480\/people","contact":{"id":1,"firstname":"Kiel","lastname":"Wyman","email":"wmurphy@barrows.org","phone":"+15637479661","birthday":"1941-07-29","gender":"male","address":{"id":1,"street":"1908 Benedict Lakes","streetName":"McKenzie Keys","buildingNumber":"4371","city":"North Dorriston","zipcode":"91812-2247","country":"United Kingdom","country_code":"GB","latitude":56.447388,"longitude":77.046345},"website":"http:\/\/williamson.com","image":"http:\/\/placeimg.com\/640\/480\/people"}},{"id":9,"name":"Schamberger-Roberts","email":"jena08@yahoo.com","vat":"350723644","phone":"+14789906263","country":"Dominican Republic","addresses":[{"id":1,"street":"185 Walker Ranch","streetName":"Krajcik Shoal","buildingNumber":"89438","city":"East Jerel","zipcode":"62829","country":"Ecuador","country_code":"EC","latitude":83.610311,"longitude":30.203553},{"id":1,"street":"7848 Gerhard Skyway","streetName":"Larson Extensions","buildingNumber":"674","city":"Port Charley","zipcode":"63921-6471","country":"Canada","country_code":"CA","latitude":30.021473,"longitude":-63.728421},{"id":1,"street":"397 Carter Port Suite 403","streetName":"Alicia Parkways","buildingNumber":"9603","city":"Zulaufburgh","zipcode":"51157-5113","country":"Slovakia","country_code":"SK","latitude":73.459551,"longitude":42.931095},{"id":1,"street":"2696 Emmalee Meadow Suite 876","streetName":"Heller Point","buildingNumber":"956","city":"Lebsackmouth","zipcode":"63860-0064","country":"Botswana","country_code":"BW","latitude":-47.114308,"longitude":167.410673},{"id":1,"street":"32499 Sonya Burg","streetName":"Gaetano Mission","buildingNumber":"742","city":"North Karlieberg","zipcode":"19634-8282","country":"Gibraltar","country_code":"GI","latitude":26.411647,"longitude":111.111807}],"website":"http:\/\/huel.org","image":"http:\/\/placeimg.com\/640\/480\/people","contact":{"id":1,"firstname":"Margie","lastname":"Stark","email":"cmccullough@hane.com","phone":"+14705363355","birthday":"2015-02-15","gender":"female","address":{"id":1,"street":"529 Greenholt Neck","streetName":"Lauren Station","buildingNumber":"97467","city":"Myriamburgh","zipcode":"25825","country":"Djibouti","country_code":"DJ","latitude":-25.901659,"longitude":105.286792},"website":"http:\/\/kling.info","image":"http:\/\/placeimg.com\/640\/480\/people"}},{"id":10,"name":"Daugherty-Russel","email":"hobart.mitchell@lowe.com","vat":"91360011","phone":"+13375871700","country":"Palestinian Territories","addresses":[{"id":1,"street":"1046 Flatley Vista Apt. 559","streetName":"Hermann Port","buildingNumber":"36513","city":"South Zitaborough","zipcode":"51745","country":"Sierra Leone","country_code":"SL","latitude":81.967717,"longitude":-126.875614},{"id":1,"street":"69175 Brekke Mountain Suite 255","streetName":"Bradtke Springs","buildingNumber":"52278","city":"East Kariannefort","zipcode":"36480-1255","country":"Jersey","country_code":"JE","latitude":-88.879381,"longitude":-155.521789},{"id":1,"street":"13445 Nat Ramp","streetName":"Kuhlman Road","buildingNumber":"76107","city":"East Kali","zipcode":"50282-0685","country":"Slovakia","country_code":"SK","latitude":-23.781886,"longitude":-81.791499}],"website":"http:\/\/aufderhar.com","image":"http:\/\/placeimg.com\/640\/480\/people","contact":{"id":1,"firstname":"Leola","lastname":"Johnston","email":"ihane@koch.com","phone":"+16672217791","birthday":"1994-07-18","gender":"female","address":{"id":1,"street":"35720 McCullough Crescent Apt. 859","streetName":"Golda Ways","buildingNumber":"2852","city":"North Claireview","zipcode":"08818-6323","country":"Liberia","country_code":"LR","latitude":-77.604238,"longitude":109.50279},"website":"http:\/\/murphy.info","image":"http:\/\/placeimg.com\/640\/480\/people"}}]}
[PASSED] Response has followed the schema
[PASSED] ID :1
[PASSED] ID :2
[PASSED] ID :3
[PASSED] ID :4
[PASSED] ID :5
[PASSED] ID :6
[PASSED] ID :7
[PASSED] ID :8
[PASSED] ID :9
[PASSED] ID :10
]]></system-out>
  </testcase>
</testsuite>